#
# There is insufficient memory for the Java Runtime Environment to continue.
# Native memory allocation (malloc) failed to allocate 937376 bytes for Chunk::new
# Possible reasons:
#   The system is out of physical RAM or swap space
#   In 32 bit mode, the process size limit was hit
# Possible solutions:
#   Reduce memory load on the system
#   Increase physical memory or swap space
#   Check if swap backing store is full
#   Use 64 bit Java on a 64 bit OS
#   Decrease Java heap size (-Xmx/-Xms)
#   Decrease number of Java threads
#   Decrease Java thread stack sizes (-Xss)
#   Set larger code cache with -XX:ReservedCodeCacheSize=
# This output file may be truncated or incomplete.
#
#  Out of Memory Error (allocation.cpp:390), pid=1952, tid=0x00000000000012f4
#
# JRE version: OpenJDK Runtime Environment (8.0_152-b06) (build 1.8.0_152-release-1136-b06)
# Java VM: OpenJDK 64-Bit Server VM (25.152-b06 mixed mode windows-amd64 compressed oops)
# Failed to write core dump. Minidumps are not enabled by default on client versions of Windows
#

---------------  T H R E A D  ---------------

Current thread (0x0000000018b29800):  JavaThread "C2 CompilerThread2" daemon [_thread_in_native, id=4852, stack(0x0000000019500000,0x0000000019600000)]

Stack: [0x0000000019500000,0x0000000019600000]
[error occurred during error reporting (printing stack bounds), id 0xc0000005]

Native frames: (J=compiled Java code, j=interpreted, Vv=VM code, C=native code)


Current CompileTask:
C2:   2458 1427   !   4       java.net.URLClassLoader$1::run (63 bytes)


---------------  P R O C E S S  ---------------

Java Threads: ( => current thread )
  0x000000001b0c3800 JavaThread "Cache worker for file hash cache (D:\Documentos\JCMF\personal\CurAndr\InterfazUsuarioYControlesApp\.gradle\4.6\fileHashes)" [_thread_blocked, id=1380, stack(0x000000001d640000,0x000000001d740000)]
  0x000000001ae32800 JavaThread "File lock request listener" [_thread_in_native, id=14560, stack(0x000000001c570000,0x000000001c670000)]
  0x000000001ae3f000 JavaThread "Cache worker for file hash cache (C:\Users\Serban\.gradle\caches\4.6\fileHashes)" [_thread_blocked, id=16728, stack(0x000000001c470000,0x000000001c570000)]
  0x000000001abbe000 JavaThread "Stdin handler" [_thread_blocked, id=8088, stack(0x000000001c170000,0x000000001c270000)]
  0x000000001abbd000 JavaThread "Asynchronous log dispatcher for DefaultDaemonConnection: socket connection from /127.0.0.1:58386 to /127.0.0.1:58387" [_thread_blocked, id=6008, stack(0x000000001bf70000,0x000000001c070000)]
  0x000000001ab9c000 JavaThread "Daemon worker" [_thread_in_vm, id=6876, stack(0x000000001be70000,0x000000001bf70000)]
  0x000000001aba4800 JavaThread "Cancel handler" [_thread_blocked, id=13004, stack(0x000000001bd70000,0x000000001be70000)]
  0x000000001aab8000 JavaThread "Handler for socket connection from /127.0.0.1:58386 to /127.0.0.1:58387" [_thread_in_native, id=6216, stack(0x000000001ba70000,0x000000001bb70000)]
  0x000000001aab7000 JavaThread "Daemon" [_thread_blocked, id=16800, stack(0x000000001b970000,0x000000001ba70000)]
  0x000000001aa95000 JavaThread "Daemon periodic checks" [_thread_blocked, id=7220, stack(0x000000001b870000,0x000000001b970000)]
  0x000000001aa7c000 JavaThread "Incoming local TCP Connector on port 58386" [_thread_in_native, id=12784, stack(0x000000001b610000,0x000000001b710000)]
  0x0000000018bbb000 JavaThread "Service Thread" daemon [_thread_blocked, id=14748, stack(0x0000000019700000,0x0000000019800000)]
  0x0000000018b36000 JavaThread "C1 CompilerThread3" daemon [_thread_blocked, id=9296, stack(0x0000000019600000,0x0000000019700000)]
=>0x0000000018b29800 JavaThread "C2 CompilerThread2" daemon [_thread_in_native, id=4852, stack(0x0000000019500000,0x0000000019600000)]
  0x0000000018b23800 JavaThread "C2 CompilerThread1" daemon [_thread_in_native, id=14424, stack(0x0000000019400000,0x0000000019500000)]
  0x0000000018b1f800 JavaThread "C2 CompilerThread0" daemon [_thread_blocked, id=5588, stack(0x0000000019300000,0x0000000019400000)]
  0x0000000018b1e800 JavaThread "Attach Listener" daemon [_thread_blocked, id=8060, stack(0x0000000019200000,0x0000000019300000)]
  0x0000000018b1d800 JavaThread "Signal Dispatcher" daemon [_thread_blocked, id=12448, stack(0x0000000019100000,0x0000000019200000)]
  0x0000000018b10800 JavaThread "Finalizer" daemon [_thread_blocked, id=10480, stack(0x0000000018ef0000,0x0000000018ff0000)]
  0x0000000002e49000 JavaThread "Reference Handler" daemon [_thread_blocked, id=10800, stack(0x00000000189f0000,0x0000000018af0000)]
  0x0000000002d52800 JavaThread "main" [_thread_blocked, id=15324, stack(0x0000000002be0000,0x0000000002ce0000)]

Other Threads:
  0x0000000016c07000 VMThread [stack: 0x00000000188f0000,0x00000000189f0000] [id=10984]
  0x0000000018bbc000 WatcherThread [stack: 0x0000000019800000,0x0000000019900000] [id=17160]

VM state:not at safepoint (normal execution)

VM Mutex/Monitor currently owned by a thread: None

Heap:
 PSYoungGen      total 76288K, used 64591K [0x00000000e0000000, 0x00000000e5500000, 0x0000000100000000)
  eden space 65536K, 86% used [0x00000000e0000000,0x00000000e378ce98,0x00000000e4000000)
  from space 10752K, 71% used [0x00000000e4000000,0x00000000e4786eb8,0x00000000e4a80000)
  to   space 10752K, 0% used [0x00000000e4a80000,0x00000000e4a80000,0x00000000e5500000)
 ParOldGen       total 175104K, used 16K [0x00000000a0000000, 0x00000000aab00000, 0x00000000e0000000)
  object space 175104K, 0% used [0x00000000a0000000,0x00000000a0004000,0x00000000aab00000)
 Metaspace       used 15915K, capacity 16356K, committed 16512K, reserved 1062912K
  class space    used 2274K, capacity 2416K, committed 2432K, reserved 1048576K

Card table byte_map: [0x0000000012210000,0x0000000012520000] byte_map_base: 0x0000000011d10000

Marking Bits: (ParMarkBitMap*) 0x000000005ef05aa0
 Begin Bits: [0x0000000012f20000, 0x0000000014720000)
 End Bits:   [0x0000000014720000, 0x0000000015f20000)

Polling page: 0x00000000012d0000

CodeCache: size=245760Kb used=4926Kb max_used=4938Kb free=240833Kb
 bounds [0x0000000002e50000, 0x0000000003330000, 0x0000000011e50000]
 total_blobs=1816 nmethods=1443 adapters=286
 compilation: enabled

Compilation events (10 events):
Event: 2.426 Thread 0x0000000018b36000 1442   !   3       org.gradle.internal.service.DefaultServiceRegistry$ParentServices::getService (55 bytes)
Event: 2.426 Thread 0x0000000018b36000 nmethod 1442 0x000000000331c690 code [0x000000000331c880, 0x000000000331d0c8]
Event: 2.426 Thread 0x0000000018b36000 1443       3       org.gradle.internal.service.DefaultServiceRegistry::access$1900 (6 bytes)
Event: 2.426 Thread 0x0000000018b36000 nmethod 1443 0x00000000033218d0 code [0x0000000003321a40, 0x0000000003321ba8]
Event: 2.433 Thread 0x0000000018b36000 1444       1       java.util.concurrent.locks.AbstractOwnableSynchronizer::getExclusiveOwnerThread (5 bytes)
Event: 2.433 Thread 0x0000000018b36000 nmethod 1444 0x000000000331c3d0 code [0x000000000331c520, 0x000000000331c630]
Event: 2.439 Thread 0x0000000018b36000 1445       3       java.util.jar.Manifest$FastInputStream::fill (38 bytes)
Event: 2.440 Thread 0x0000000018b36000 nmethod 1445 0x0000000003321410 code [0x0000000003321580, 0x0000000003321808]
Event: 2.449 Thread 0x0000000018b1f800 1446       4       java.util.jar.Attributes$Name::isValid (45 bytes)
Event: 2.452 Thread 0x0000000018b1f800 nmethod 1446 0x000000000331f790 code [0x000000000331f8e0, 0x000000000331fc18]

GC Heap History (2 events):
Event: 1.895 GC heap before
{Heap before GC invocations=1 (full 0):
 PSYoungGen      total 76288K, used 65536K [0x00000000e0000000, 0x00000000e5500000, 0x0000000100000000)
  eden space 65536K, 100% used [0x00000000e0000000,0x00000000e4000000,0x00000000e4000000)
  from space 10752K, 0% used [0x00000000e4a80000,0x00000000e4a80000,0x00000000e5500000)
  to   space 10752K, 0% used [0x00000000e4000000,0x00000000e4000000,0x00000000e4a80000)
 ParOldGen       total 175104K, used 0K [0x00000000a0000000, 0x00000000aab00000, 0x00000000e0000000)
  object space 175104K, 0% used [0x00000000a0000000,0x00000000a0000000,0x00000000aab00000)
 Metaspace       used 10426K, capacity 10640K, committed 10752K, reserved 1058816K
  class space    used 1363K, capacity 1458K, committed 1536K, reserved 1048576K
Event: 1.902 GC heap after
Heap after GC invocations=1 (full 0):
 PSYoungGen      total 76288K, used 7707K [0x00000000e0000000, 0x00000000e5500000, 0x0000000100000000)
  eden space 65536K, 0% used [0x00000000e0000000,0x00000000e0000000,0x00000000e4000000)
  from space 10752K, 71% used [0x00000000e4000000,0x00000000e4786eb8,0x00000000e4a80000)
  to   space 10752K, 0% used [0x00000000e4a80000,0x00000000e4a80000,0x00000000e5500000)
 ParOldGen       total 175104K, used 16K [0x00000000a0000000, 0x00000000aab00000, 0x00000000e0000000)
  object space 175104K, 0% used [0x00000000a0000000,0x00000000a0004000,0x00000000aab00000)
 Metaspace       used 10426K, capacity 10640K, committed 10752K, reserved 1058816K
  class space    used 1363K, capacity 1458K, committed 1536K, reserved 1048576K
}

Deoptimization events (10 events):
Event: 1.047 Thread 0x0000000002d52800 Uncommon trap: reason=bimorphic action=maybe_recompile pc=0x0000000003178194 method=java.util.HashMap.putVal(ILjava/lang/Object;Ljava/lang/Object;ZZ)Ljava/lang/Object; @ 203
Event: 1.265 Thread 0x0000000002d52800 Uncommon trap: reason=unstable_if action=reinterpret pc=0x0000000003107bd8 method=java.io.WinNTFileSystem.normalize(Ljava/lang/String;)Ljava/lang/String; @ 128
Event: 1.973 Thread 0x000000001aab8000 Uncommon trap: reason=unstable_if action=reinterpret pc=0x0000000003234b30 method=java.util.concurrent.ConcurrentHashMap.putVal(Ljava/lang/Object;Ljava/lang/Object;Z)Ljava/lang/Object; @ 206
Event: 2.032 Thread 0x000000001ab9c000 Uncommon trap: reason=bimorphic action=maybe_recompile pc=0x0000000003177ad8 method=java.util.HashMap.putVal(ILjava/lang/Object;Ljava/lang/Object;ZZ)Ljava/lang/Object; @ 253
Event: 2.032 Thread 0x000000001ab9c000 Uncommon trap: reason=bimorphic action=maybe_recompile pc=0x0000000003177ad8 method=java.util.HashMap.putVal(ILjava/lang/Object;Ljava/lang/Object;ZZ)Ljava/lang/Object; @ 253
Event: 2.032 Thread 0x000000001ab9c000 Uncommon trap: reason=bimorphic action=maybe_recompile pc=0x0000000003177ad8 method=java.util.HashMap.putVal(ILjava/lang/Object;Ljava/lang/Object;ZZ)Ljava/lang/Object; @ 253
Event: 2.177 Thread 0x000000001ab9c000 Uncommon trap: reason=class_check action=maybe_recompile pc=0x00000000030ec304 method=java.util.regex.Matcher.match(II)Z @ 86
Event: 2.177 Thread 0x000000001ab9c000 Uncommon trap: reason=class_check action=maybe_recompile pc=0x00000000030ec304 method=java.util.regex.Matcher.match(II)Z @ 86
Event: 2.221 Thread 0x000000001ab9c000 Uncommon trap: reason=class_check action=maybe_recompile pc=0x00000000030b695c method=java.util.regex.Matcher.match(II)Z @ 86
Event: 2.255 Thread 0x000000001ab9c000 Uncommon trap: reason=unstable_if action=reinterpret pc=0x00000000032a9974 method=java.lang.String.lastIndexOf([CII[CIII)I @ 66

Classes redefined (0 events):
No events

Internal exceptions (10 events):
Event: 1.987 Thread 0x000000001aab8000 Exception <a 'java/lang/NoSuchMethodError': <clinit>> (0x00000000e06b7de0) thrown at [D:\src\AOSP-openjdk-cygwin\jdk8u\hotspot\src\share\vm\prims\jni.cpp, line 1613]
Event: 1.988 Thread 0x000000001aab8000 Exception <a 'java/lang/NoSuchMethodError': <clinit>> (0x00000000e06c9498) thrown at [D:\src\AOSP-openjdk-cygwin\jdk8u\hotspot\src\share\vm\prims\jni.cpp, line 1613]
Event: 1.998 Thread 0x000000001aab8000 Exception <a 'java/lang/NoSuchMethodError': <clinit>> (0x00000000e073d2f0) thrown at [D:\src\AOSP-openjdk-cygwin\jdk8u\hotspot\src\share\vm\prims\jni.cpp, line 1613]
Event: 2.001 Thread 0x000000001aab8000 Exception <a 'java/lang/NoSuchMethodError': <clinit>> (0x00000000e0762598) thrown at [D:\src\AOSP-openjdk-cygwin\jdk8u\hotspot\src\share\vm\prims\jni.cpp, line 1613]
Event: 2.005 Thread 0x000000001aab8000 Exception <a 'java/lang/NoSuchMethodError': <clinit>> (0x00000000e078e740) thrown at [D:\src\AOSP-openjdk-cygwin\jdk8u\hotspot\src\share\vm\prims\jni.cpp, line 1613]
Event: 2.006 Thread 0x000000001aab8000 Exception <a 'java/lang/NoSuchMethodError': <clinit>> (0x00000000e0799ae0) thrown at [D:\src\AOSP-openjdk-cygwin\jdk8u\hotspot\src\share\vm\prims\jni.cpp, line 1613]
Event: 2.007 Thread 0x000000001aab8000 Exception <a 'java/lang/NoSuchMethodError': <clinit>> (0x00000000e07a5420) thrown at [D:\src\AOSP-openjdk-cygwin\jdk8u\hotspot\src\share\vm\prims\jni.cpp, line 1613]
Event: 2.010 Thread 0x000000001aab8000 Exception <a 'java/lang/NoSuchMethodError': <clinit>> (0x00000000e07cd198) thrown at [D:\src\AOSP-openjdk-cygwin\jdk8u\hotspot\src\share\vm\prims\jni.cpp, line 1613]
Event: 2.022 Thread 0x000000001ab9c000 Exception <a 'java/lang/NoSuchMethodError': <clinit>> (0x00000000e0883fc0) thrown at [D:\src\AOSP-openjdk-cygwin\jdk8u\hotspot\src\share\vm\prims\jni.cpp, line 1613]
Event: 2.022 Thread 0x000000001ab9c000 Exception <a 'java/lang/NoSuchMethodError': <clinit>> (0x00000000e088c248) thrown at [D:\src\AOSP-openjdk-cygwin\jdk8u\hotspot\src\share\vm\prims\jni.cpp, line 1613]

Events (10 events):
Event: 2.455 loading class org/gradle/internal/resource/transfer/DefaultExternalResourceConnector$1
Event: 2.455 loading class org/gradle/internal/resource/transfer/DefaultExternalResourceConnector$1 done
Event: 2.456 loading class org/gradle/internal/resource/transfer/DefaultExternalResourceConnector$NoOpStats
Event: 2.456 loading class org/gradle/internal/resource/transfer/DefaultExternalResourceConnector$NoOpStats done
Event: 2.456 loading class org/gradle/api/internal/artifacts/ivyservice/resolutionstrategy/DefaultExternalResourceCachePolicy
Event: 2.456 loading class org/gradle/api/internal/artifacts/ivyservice/resolutionstrategy/DefaultExternalResourceCachePolicy done
Event: 2.456 loading class org/gradle/internal/resource/transport/ResourceConnectorRepositoryTransport
Event: 2.456 loading class org/gradle/internal/resource/transport/ResourceConnectorRepositoryTransport done
Event: 2.457 loading class org/gradle/internal/resource/transport/AbstractRepositoryTransport
Event: 2.457 loading class org/gradle/internal/resource/transport/AbstractRepositoryTransport done


Dynamic libraries:
0x00007ff67c650000 - 0x00007ff67c681000 	D:\Programas\Android\Android Studio\jre\bin\java.exe
0x00007fffcc8e0000 - 0x00007fffccac1000 	C:\WINDOWS\SYSTEM32\ntdll.dll
0x00007fffaaa60000 - 0x00007fffaaa74000 	D:\Programas\Avast\aswhook.dll
0x00007fffcc680000 - 0x00007fffcc732000 	C:\WINDOWS\System32\KERNEL32.DLL
0x00007fffc9800000 - 0x00007fffc9a73000 	C:\WINDOWS\System32\KERNELBASE.dll
0x00007fffca140000 - 0x00007fffca1e1000 	C:\WINDOWS\System32\ADVAPI32.dll
0x00007fffcacf0000 - 0x00007fffcad8e000 	C:\WINDOWS\System32\msvcrt.dll
0x00007fffca0e0000 - 0x00007fffca13b000 	C:\WINDOWS\System32\sechost.dll
0x00007fffca760000 - 0x00007fffca884000 	C:\WINDOWS\System32\RPCRT4.dll
0x00007fffc9f50000 - 0x00007fffca0e0000 	C:\WINDOWS\System32\USER32.dll
0x00007fffc9c50000 - 0x00007fffc9c70000 	C:\WINDOWS\System32\win32u.dll
0x00007fffca2f0000 - 0x00007fffca318000 	C:\WINDOWS\System32\GDI32.dll
0x00007fffc8d00000 - 0x00007fffc8e92000 	C:\WINDOWS\System32\gdi32full.dll
0x00007fffc9b30000 - 0x00007fffc9bcf000 	C:\WINDOWS\System32\msvcp_win.dll
0x00007fffc9c70000 - 0x00007fffc9d6a000 	C:\WINDOWS\System32\ucrtbase.dll
0x00007fffbd110000 - 0x00007fffbd379000 	C:\WINDOWS\WinSxS\amd64_microsoft.windows.common-controls_6595b64144ccf1df_6.0.17134.523_none_fb409dd930672a56\COMCTL32.dll
0x00007fffcad90000 - 0x00007fffcb0b2000 	C:\WINDOWS\System32\combase.dll
0x00007fffc9bd0000 - 0x00007fffc9c4a000 	C:\WINDOWS\System32\bcryptPrimitives.dll
0x00007fffcb0c0000 - 0x00007fffcb0ed000 	C:\WINDOWS\System32\IMM32.DLL
0x000000005d9a0000 - 0x000000005da72000 	D:\Programas\Android\Android Studio\jre\jre\bin\msvcr100.dll
0x000000005e740000 - 0x000000005ef81000 	D:\Programas\Android\Android Studio\jre\jre\bin\server\jvm.dll
0x00007fffca4c0000 - 0x00007fffca4c8000 	C:\WINDOWS\System32\PSAPI.DLL
0x00007fffba4e0000 - 0x00007fffba4e9000 	C:\WINDOWS\SYSTEM32\WSOCK32.dll
0x00007fffcc840000 - 0x00007fffcc8ac000 	C:\WINDOWS\System32\WS2_32.dll
0x00007fffc5a70000 - 0x00007fffc5a93000 	C:\WINDOWS\SYSTEM32\WINMM.dll
0x00007fffc4c80000 - 0x00007fffc4c8a000 	C:\WINDOWS\SYSTEM32\VERSION.dll
0x00007fffc5a40000 - 0x00007fffc5a6a000 	C:\WINDOWS\SYSTEM32\WINMMBASE.dll
0x00007fffc8cb0000 - 0x00007fffc8cf9000 	C:\WINDOWS\System32\cfgmgr32.dll
0x00007fffbca20000 - 0x00007fffbca2f000 	D:\Programas\Android\Android Studio\jre\jre\bin\verify.dll
0x00007fffab600000 - 0x00007fffab629000 	D:\Programas\Android\Android Studio\jre\jre\bin\java.dll
0x00007fffb9ef0000 - 0x00007fffb9f06000 	D:\Programas\Android\Android Studio\jre\jre\bin\zip.dll
0x00007fffcb1e0000 - 0x00007fffcc620000 	C:\WINDOWS\System32\SHELL32.dll
0x00007fffca650000 - 0x00007fffca6f9000 	C:\WINDOWS\System32\shcore.dll
0x00007fffc90f0000 - 0x00007fffc97fd000 	C:\WINDOWS\System32\windows.storage.dll
0x00007fffcc7e0000 - 0x00007fffcc831000 	C:\WINDOWS\System32\shlwapi.dll
0x00007fffc8c70000 - 0x00007fffc8c81000 	C:\WINDOWS\System32\kernel.appcore.dll
0x00007fffc8c90000 - 0x00007fffc8caf000 	C:\WINDOWS\System32\profapi.dll
0x00007fffc8c20000 - 0x00007fffc8c6c000 	C:\WINDOWS\System32\powrprof.dll
0x00007fffc8c10000 - 0x00007fffc8c1a000 	C:\WINDOWS\System32\FLTLIB.DLL
0x00007fffab5e0000 - 0x00007fffab5fa000 	D:\Programas\Android\Android Studio\jre\jre\bin\net.dll
0x00007fffc8470000 - 0x00007fffc84d6000 	C:\WINDOWS\system32\mswsock.dll
0x00007fffab5c0000 - 0x00007fffab5d1000 	D:\Programas\Android\Android Studio\jre\jre\bin\nio.dll
0x00007fffa8f80000 - 0x00007fffa8f9e000 	C:\Users\Serban\.gradle\native\25\windows-amd64\native-platform.dll
0x00007fffab5b0000 - 0x00007fffab5bd000 	D:\Programas\Android\Android Studio\jre\jre\bin\management.dll
0x00007fffc8620000 - 0x00007fffc8637000 	C:\WINDOWS\SYSTEM32\CRYPTSP.dll
0x00007fffc8050000 - 0x00007fffc8083000 	C:\WINDOWS\system32\rsaenh.dll
0x00007fffc8750000 - 0x00007fffc8775000 	C:\WINDOWS\SYSTEM32\bcrypt.dll
0x00007fffc8af0000 - 0x00007fffc8b18000 	C:\WINDOWS\SYSTEM32\USERENV.dll
0x00007fffc8640000 - 0x00007fffc864b000 	C:\WINDOWS\SYSTEM32\CRYPTBASE.dll
0x00007fffc81f0000 - 0x00007fffc8228000 	C:\WINDOWS\SYSTEM32\IPHLPAPI.DLL
0x00007fffca890000 - 0x00007fffca898000 	C:\WINDOWS\System32\NSI.dll
0x00007fffc4de0000 - 0x00007fffc4df6000 	C:\WINDOWS\SYSTEM32\dhcpcsvc6.DLL
0x00007fffc4dc0000 - 0x00007fffc4dda000 	C:\WINDOWS\SYSTEM32\dhcpcsvc.DLL

VM Arguments:
jvm_args: -Xmx1536m -Dfile.encoding=windows-1252 -Duser.country=MX -Duser.language=es -Duser.variant 
java_command: org.gradle.launcher.daemon.bootstrap.GradleDaemon 4.6
java_class_path (initial): C:\Users\Serban\.gradle\wrapper\dists\gradle-4.6-all\bcst21l2brirad8k2ben1letg\gradle-4.6\lib\gradle-launcher-4.6.jar
Launcher Type: SUN_STANDARD

Environment Variables:
JAVA_HOME=C:\Program Files\Java\jdk1.8.0_171
CLASSPATH=.
USERNAME=Serban
OS=Windows_NT
PROCESSOR_IDENTIFIER=Intel64 Family 6 Model 158 Stepping 9, GenuineIntel



---------------  S Y S T E M  ---------------

OS: Windows 10.0 , 64 bit Build 17134 (10.0.17134.1)

CPU:total 8 (initial active 8) (4 cores per cpu, 2 threads per core) family 6 model 158 stepping 9, cmov, cx8, fxsr, mmx, sse, sse2, sse3, ssse3, sse4.1, sse4.2, popcnt, avx, avx2, aes, clmul, erms, 3dnowpref, lzcnt, ht, tsc, tscinvbit, bmi1, bmi2, adx

Memory: 4k page, physical 16658020k(2413496k free), swap 16658020k(5324k free)

vm_info: OpenJDK 64-Bit Server VM (25.152-b06) for windows-amd64 JRE (1.8.0_152-release-1136-b06), built by "builder" with MS VC++ 10.0 (VS2010)

time: Thu Oct 24 18:40:17 2019
elapsed time: 2 seconds (0d 0h 0m 2s)

