#
# There is insufficient memory for the Java Runtime Environment to continue.
# Native memory allocation (malloc) failed to allocate 1492016 bytes for Chunk::new
# Possible reasons:
#   The system is out of physical RAM or swap space
#   In 32 bit mode, the process size limit was hit
# Possible solutions:
#   Reduce memory load on the system
#   Increase physical memory or swap space
#   Check if swap backing store is full
#   Use 64 bit Java on a 64 bit OS
#   Decrease Java heap size (-Xmx/-Xms)
#   Decrease number of Java threads
#   Decrease Java thread stack sizes (-Xss)
#   Set larger code cache with -XX:ReservedCodeCacheSize=
# This output file may be truncated or incomplete.
#
#  Out of Memory Error (allocation.cpp:390), pid=14800, tid=0x0000000000001ce8
#
# JRE version: OpenJDK Runtime Environment (8.0_152-b06) (build 1.8.0_152-release-1136-b06)
# Java VM: OpenJDK 64-Bit Server VM (25.152-b06 mixed mode windows-amd64 compressed oops)
# Failed to write core dump. Minidumps are not enabled by default on client versions of Windows
#

---------------  T H R E A D  ---------------

Current thread (0x000000001852b800):  JavaThread "C2 CompilerThread0" daemon [_thread_in_native, id=7400, stack(0x0000000018d10000,0x0000000018e10000)]

Stack: [0x0000000018d10000,0x0000000018e10000]
[error occurred during error reporting (printing stack bounds), id 0xc0000005]

Native frames: (J=compiled Java code, j=interpreted, Vv=VM code, C=native code)


Current CompileTask:
C2:   6240 4194       4       sun.reflect.generics.parser.SignatureParser::parsePackageNameAndSimpleClassTypeSignature (139 bytes)


---------------  P R O C E S S  ---------------

Java Threads: ( => current thread )
  0x000000001ff8b000 JavaThread "Memory manager" [_thread_blocked, id=11512, stack(0x0000000022de0000,0x0000000022ee0000)]
  0x000000001ff87000 JavaThread "pool-1-thread-1" [_thread_blocked, id=2412, stack(0x00000000228c0000,0x00000000229c0000)]
  0x000000001ff8a000 JavaThread "Build operations Thread 8" [_thread_blocked, id=360, stack(0x00000000225c0000,0x00000000226c0000)]
  0x000000001e92a800 JavaThread "Build operations Thread 7" [_thread_blocked, id=15320, stack(0x00000000224c0000,0x00000000225c0000)]
  0x000000001e928800 JavaThread "Build operations Thread 6" [_thread_blocked, id=6456, stack(0x00000000223c0000,0x00000000224c0000)]
  0x000000001e929000 JavaThread "Build operations Thread 5" [_thread_blocked, id=1196, stack(0x0000000022040000,0x0000000022140000)]
  0x000000001e927800 JavaThread "Build operations Thread 4" [_thread_blocked, id=5796, stack(0x0000000021f40000,0x0000000022040000)]
  0x000000001e925800 JavaThread "Build operations Thread 3" [_thread_blocked, id=5844, stack(0x0000000021e40000,0x0000000021f40000)]
  0x000000001e927000 JavaThread "Build operations Thread 2" [_thread_blocked, id=9428, stack(0x0000000021d40000,0x0000000021e40000)]
  0x000000001e92c000 JavaThread "Build operations" [_thread_blocked, id=15724, stack(0x0000000020a50000,0x0000000020b50000)]
  0x000000001e92b800 JavaThread "Cache worker for Artifact transforms cache (C:\Users\Serban\.gradle\caches\transforms-1)" [_thread_blocked, id=16380, stack(0x0000000020750000,0x0000000020850000)]
  0x000000001c2e1000 JavaThread "Cache worker for file hash cache (D:\Documentos\JCMF\personal\CurAndr\InterfazUsuarioYControlesApp\.gradle\4.6\fileHashes)" [_thread_blocked, id=11308, stack(0x000000001d050000,0x000000001d150000)]
  0x000000001a657000 JavaThread "File lock request listener" [_thread_in_native, id=1532, stack(0x000000001bf80000,0x000000001c080000)]
  0x000000001a6ac000 JavaThread "Cache worker for file hash cache (C:\Users\Serban\.gradle\caches\4.6\fileHashes)" [_thread_blocked, id=16964, stack(0x000000001be80000,0x000000001bf80000)]
  0x000000001a5d3000 JavaThread "Stdin handler" [_thread_blocked, id=17280, stack(0x000000001bb80000,0x000000001bc80000)]
  0x000000001a55b000 JavaThread "Asynchronous log dispatcher for DefaultDaemonConnection: socket connection from /127.0.0.1:58359 to /127.0.0.1:58360" [_thread_blocked, id=12888, stack(0x000000001b980000,0x000000001ba80000)]
  0x000000001a547000 JavaThread "Daemon worker" [_thread_in_Java, id=4268, stack(0x000000001b880000,0x000000001b980000)]
  0x000000001a544800 JavaThread "Cancel handler" [_thread_blocked, id=6976, stack(0x000000001b780000,0x000000001b880000)]
  0x000000001a536000 JavaThread "Handler for socket connection from /127.0.0.1:58359 to /127.0.0.1:58360" [_thread_in_native, id=15548, stack(0x000000001b480000,0x000000001b580000)]
  0x000000001a535800 JavaThread "Daemon" [_thread_blocked, id=1296, stack(0x000000001b380000,0x000000001b480000)]
  0x000000001a4d1000 JavaThread "Daemon periodic checks" [_thread_blocked, id=16876, stack(0x000000001b280000,0x000000001b380000)]
  0x000000001a5ae800 JavaThread "Incoming local TCP Connector on port 58359" [_thread_in_native, id=16008, stack(0x000000001b020000,0x000000001b120000)]
  0x00000000185c9000 JavaThread "Service Thread" daemon [_thread_blocked, id=14864, stack(0x0000000019110000,0x0000000019210000)]
  0x000000001853b000 JavaThread "C1 CompilerThread3" daemon [_thread_in_native, id=15104, stack(0x0000000019010000,0x0000000019110000)]
  0x0000000018531800 JavaThread "C2 CompilerThread2" daemon [_thread_in_native, id=8296, stack(0x0000000018f10000,0x0000000019010000)]
  0x000000001852f800 JavaThread "C2 CompilerThread1" daemon [_thread_in_native, id=13760, stack(0x0000000018e10000,0x0000000018f10000)]
=>0x000000001852b800 JavaThread "C2 CompilerThread0" daemon [_thread_in_native, id=7400, stack(0x0000000018d10000,0x0000000018e10000)]
  0x000000001852a000 JavaThread "Attach Listener" daemon [_thread_blocked, id=14780, stack(0x0000000018c10000,0x0000000018d10000)]
  0x0000000018529000 JavaThread "Signal Dispatcher" daemon [_thread_blocked, id=17168, stack(0x0000000018b10000,0x0000000018c10000)]
  0x0000000018520800 JavaThread "Finalizer" daemon [_thread_blocked, id=15476, stack(0x0000000018900000,0x0000000018a00000)]
  0x0000000002858800 JavaThread "Reference Handler" daemon [_thread_blocked, id=264, stack(0x0000000018400000,0x0000000018500000)]
  0x0000000002762800 JavaThread "main" [_thread_blocked, id=2840, stack(0x0000000002660000,0x0000000002760000)]

Other Threads:
  0x0000000016617800 VMThread [stack: 0x0000000018300000,0x0000000018400000] [id=16200]
  0x00000000185ca000 WatcherThread [stack: 0x0000000019210000,0x0000000019310000] [id=7520]

VM state:not at safepoint (normal execution)

VM Mutex/Monitor currently owned by a thread: None

Heap:
 PSYoungGen      total 105472K, used 68255K [0x00000000e0000000, 0x00000000e7500000, 0x0000000100000000)
  eden space 94208K, 60% used [0x00000000e0000000,0x00000000e37a90b0,0x00000000e5c00000)
  from space 11264K, 99% used [0x00000000e5c00000,0x00000000e66febc8,0x00000000e6700000)
  to   space 10752K, 0% used [0x00000000e6700000,0x00000000e6700000,0x00000000e7180000)
 ParOldGen       total 108032K, used 16176K [0x00000000a0000000, 0x00000000a6980000, 0x00000000e0000000)
  object space 108032K, 14% used [0x00000000a0000000,0x00000000a0fcc078,0x00000000a6980000)
 Metaspace       used 46701K, capacity 47612K, committed 47872K, reserved 1091584K
  class space    used 6312K, capacity 6601K, committed 6656K, reserved 1048576K

Card table byte_map: [0x0000000011c20000,0x0000000011f30000] byte_map_base: 0x0000000011720000

Marking Bits: (ParMarkBitMap*) 0x000000005ef05aa0
 Begin Bits: [0x0000000012930000, 0x0000000014130000)
 End Bits:   [0x0000000014130000, 0x0000000015930000)

Polling page: 0x0000000000bf0000

CodeCache: size=245760Kb used=15266Kb max_used=15266Kb free=230493Kb
 bounds [0x0000000002860000, 0x0000000003760000, 0x0000000011860000]
 total_blobs=5068 nmethods=4314 adapters=666
 compilation: enabled

Compilation events (10 events):
Event: 6.234 Thread 0x000000001853b000 nmethod 4360 0x0000000003744990 code [0x0000000003744ae0, 0x0000000003744bf0]
Event: 6.234 Thread 0x000000001853b000 4361       3       com.sun.org.apache.xerces.internal.impl.XMLNSDocumentScannerImpl::next (39 bytes)
Event: 6.235 Thread 0x000000001853b000 nmethod 4361 0x0000000003744c50 code [0x0000000003744de0, 0x0000000003745248]
Event: 6.235 Thread 0x000000001853b000 4362       3       com.sun.org.apache.xerces.internal.impl.XMLEntityScanner::scanLiteral (755 bytes)
Event: 6.237 Thread 0x000000001853b000 nmethod 4362 0x0000000003745450 code [0x0000000003745700, 0x0000000003746ca8]
Event: 6.237 Thread 0x000000001853b000 4363       3       com.sun.org.apache.xerces.internal.xni.QName::setValues (22 bytes)
Event: 6.237 Thread 0x000000001853b000 nmethod 4363 0x0000000003747850 code [0x00000000037479a0, 0x0000000003747b50]
Event: 6.237 Thread 0x000000001853b000 4364       3       com.sun.org.apache.xerces.internal.util.NamespaceSupport::getURI (38 bytes)
Event: 6.238 Thread 0x000000001853b000 nmethod 4364 0x0000000003747bd0 code [0x0000000003747d40, 0x0000000003747fd0]
Event: 6.238 Thread 0x000000001853b000 4365       3       com.sun.org.apache.xerces.internal.impl.XMLEntityScanner::scanQName (502 bytes)

GC Heap History (10 events):
Event: 3.627 GC heap before
{Heap before GC invocations=5 (full 1):
 PSYoungGen      total 76288K, used 65536K [0x00000000e0000000, 0x00000000e5500000, 0x0000000100000000)
  eden space 65536K, 100% used [0x00000000e0000000,0x00000000e4000000,0x00000000e4000000)
  from space 10752K, 0% used [0x00000000e4000000,0x00000000e4000000,0x00000000e4a80000)
  to   space 10752K, 0% used [0x00000000e4a80000,0x00000000e4a80000,0x00000000e5500000)
 ParOldGen       total 108032K, used 8513K [0x00000000a0000000, 0x00000000a6980000, 0x00000000e0000000)
  object space 108032K, 7% used [0x00000000a0000000,0x00000000a0850500,0x00000000a6980000)
 Metaspace       used 26782K, capacity 27290K, committed 27392K, reserved 1073152K
  class space    used 3654K, capacity 3801K, committed 3840K, reserved 1048576K
Event: 3.632 GC heap after
Heap after GC invocations=5 (full 1):
 PSYoungGen      total 76288K, used 7237K [0x00000000e0000000, 0x00000000e7280000, 0x0000000100000000)
  eden space 65536K, 0% used [0x00000000e0000000,0x00000000e0000000,0x00000000e4000000)
  from space 10752K, 67% used [0x00000000e4a80000,0x00000000e51914c0,0x00000000e5500000)
  to   space 10752K, 0% used [0x00000000e4000000,0x00000000e4000000,0x00000000e4a80000)
 ParOldGen       total 108032K, used 8521K [0x00000000a0000000, 0x00000000a6980000, 0x00000000e0000000)
  object space 108032K, 7% used [0x00000000a0000000,0x00000000a0852500,0x00000000a6980000)
 Metaspace       used 26782K, capacity 27290K, committed 27392K, reserved 1073152K
  class space    used 3654K, capacity 3801K, committed 3840K, reserved 1048576K
}
Event: 4.266 GC heap before
{Heap before GC invocations=6 (full 1):
 PSYoungGen      total 76288K, used 72773K [0x00000000e0000000, 0x00000000e7280000, 0x0000000100000000)
  eden space 65536K, 100% used [0x00000000e0000000,0x00000000e4000000,0x00000000e4000000)
  from space 10752K, 67% used [0x00000000e4a80000,0x00000000e51914c0,0x00000000e5500000)
  to   space 10752K, 0% used [0x00000000e4000000,0x00000000e4000000,0x00000000e4a80000)
 ParOldGen       total 108032K, used 8521K [0x00000000a0000000, 0x00000000a6980000, 0x00000000e0000000)
  object space 108032K, 7% used [0x00000000a0000000,0x00000000a0852500,0x00000000a6980000)
 Metaspace       used 30012K, capacity 30508K, committed 30720K, reserved 1075200K
  class space    used 4172K, capacity 4319K, committed 4352K, reserved 1048576K
Event: 4.271 GC heap after
Heap after GC invocations=6 (full 1):
 PSYoungGen      total 76288K, used 8508K [0x00000000e0000000, 0x00000000e7180000, 0x0000000100000000)
  eden space 65536K, 0% used [0x00000000e0000000,0x00000000e0000000,0x00000000e4000000)
  from space 10752K, 79% used [0x00000000e4000000,0x00000000e484f388,0x00000000e4a80000)
  to   space 10752K, 0% used [0x00000000e6700000,0x00000000e6700000,0x00000000e7180000)
 ParOldGen       total 108032K, used 8529K [0x00000000a0000000, 0x00000000a6980000, 0x00000000e0000000)
  object space 108032K, 7% used [0x00000000a0000000,0x00000000a0854500,0x00000000a6980000)
 Metaspace       used 30012K, capacity 30508K, committed 30720K, reserved 1075200K
  class space    used 4172K, capacity 4319K, committed 4352K, reserved 1048576K
}
Event: 4.659 GC heap before
{Heap before GC invocations=7 (full 1):
 PSYoungGen      total 76288K, used 39037K [0x00000000e0000000, 0x00000000e7180000, 0x0000000100000000)
  eden space 65536K, 46% used [0x00000000e0000000,0x00000000e1dd0140,0x00000000e4000000)
  from space 10752K, 79% used [0x00000000e4000000,0x00000000e484f388,0x00000000e4a80000)
  to   space 10752K, 0% used [0x00000000e6700000,0x00000000e6700000,0x00000000e7180000)
 ParOldGen       total 108032K, used 8529K [0x00000000a0000000, 0x00000000a6980000, 0x00000000e0000000)
  object space 108032K, 7% used [0x00000000a0000000,0x00000000a0854500,0x00000000a6980000)
 Metaspace       used 34674K, capacity 35270K, committed 35416K, reserved 1079296K
  class space    used 4794K, capacity 4993K, committed 5120K, reserved 1048576K
Event: 4.665 GC heap after
Heap after GC invocations=7 (full 1):
 PSYoungGen      total 104960K, used 9552K [0x00000000e0000000, 0x00000000e7500000, 0x0000000100000000)
  eden space 94208K, 0% used [0x00000000e0000000,0x00000000e0000000,0x00000000e5c00000)
  from space 10752K, 88% used [0x00000000e6700000,0x00000000e7054340,0x00000000e7180000)
  to   space 11264K, 0% used [0x00000000e5c00000,0x00000000e5c00000,0x00000000e6700000)
 ParOldGen       total 108032K, used 8537K [0x00000000a0000000, 0x00000000a6980000, 0x00000000e0000000)
  object space 108032K, 7% used [0x00000000a0000000,0x00000000a0856500,0x00000000a6980000)
 Metaspace       used 34674K, capacity 35270K, committed 35416K, reserved 1079296K
  class space    used 4794K, capacity 4993K, committed 5120K, reserved 1048576K
}
Event: 4.665 GC heap before
{Heap before GC invocations=8 (full 2):
 PSYoungGen      total 104960K, used 9552K [0x00000000e0000000, 0x00000000e7500000, 0x0000000100000000)
  eden space 94208K, 0% used [0x00000000e0000000,0x00000000e0000000,0x00000000e5c00000)
  from space 10752K, 88% used [0x00000000e6700000,0x00000000e7054340,0x00000000e7180000)
  to   space 11264K, 0% used [0x00000000e5c00000,0x00000000e5c00000,0x00000000e6700000)
 ParOldGen       total 108032K, used 8537K [0x00000000a0000000, 0x00000000a6980000, 0x00000000e0000000)
  object space 108032K, 7% used [0x00000000a0000000,0x00000000a0856500,0x00000000a6980000)
 Metaspace       used 34674K, capacity 35270K, committed 35416K, reserved 1079296K
  class space    used 4794K, capacity 4993K, committed 5120K, reserved 1048576K
Event: 4.700 GC heap after
Heap after GC invocations=8 (full 2):
 PSYoungGen      total 104960K, used 0K [0x00000000e0000000, 0x00000000e7500000, 0x0000000100000000)
  eden space 94208K, 0% used [0x00000000e0000000,0x00000000e0000000,0x00000000e5c00000)
  from space 10752K, 0% used [0x00000000e6700000,0x00000000e6700000,0x00000000e7180000)
  to   space 11264K, 0% used [0x00000000e5c00000,0x00000000e5c00000,0x00000000e6700000)
 ParOldGen       total 108032K, used 16038K [0x00000000a0000000, 0x00000000a6980000, 0x00000000e0000000)
  object space 108032K, 14% used [0x00000000a0000000,0x00000000a0fa9908,0x00000000a6980000)
 Metaspace       used 34674K, capacity 35270K, committed 35416K, reserved 1079296K
  class space    used 4794K, capacity 4993K, committed 5120K, reserved 1048576K
}
Event: 5.572 GC heap before
{Heap before GC invocations=9 (full 2):
 PSYoungGen      total 104960K, used 94208K [0x00000000e0000000, 0x00000000e7500000, 0x0000000100000000)
  eden space 94208K, 100% used [0x00000000e0000000,0x00000000e5c00000,0x00000000e5c00000)
  from space 10752K, 0% used [0x00000000e6700000,0x00000000e6700000,0x00000000e7180000)
  to   space 11264K, 0% used [0x00000000e5c00000,0x00000000e5c00000,0x00000000e6700000)
 ParOldGen       total 108032K, used 16038K [0x00000000a0000000, 0x00000000a6980000, 0x00000000e0000000)
  object space 108032K, 14% used [0x00000000a0000000,0x00000000a0fa9908,0x00000000a6980000)
 Metaspace       used 40973K, capacity 41740K, committed 41856K, reserved 1085440K
  class space    used 5492K, capacity 5732K, committed 5760K, reserved 1048576K
Event: 5.579 GC heap after
Heap after GC invocations=9 (full 2):
 PSYoungGen      total 105472K, used 11258K [0x00000000e0000000, 0x00000000e7500000, 0x0000000100000000)
  eden space 94208K, 0% used [0x00000000e0000000,0x00000000e0000000,0x00000000e5c00000)
  from space 11264K, 99% used [0x00000000e5c00000,0x00000000e66febc8,0x00000000e6700000)
  to   space 10752K, 0% used [0x00000000e6700000,0x00000000e6700000,0x00000000e7180000)
 ParOldGen       total 108032K, used 16176K [0x00000000a0000000, 0x00000000a6980000, 0x00000000e0000000)
  object space 108032K, 14% used [0x00000000a0000000,0x00000000a0fcc078,0x00000000a6980000)
 Metaspace       used 40973K, capacity 41740K, committed 41856K, reserved 1085440K
  class space    used 5492K, capacity 5732K, committed 5760K, reserved 1048576K
}

Deoptimization events (10 events):
Event: 5.217 Thread 0x000000001a547000 Uncommon trap: reason=unstable_if action=reinterpret pc=0x0000000002e8f76c method=java.security.CodeSource.getCertificates()[Ljava/security/cert/Certificate; @ 22
Event: 5.218 Thread 0x000000001a547000 Uncommon trap: reason=unstable_if action=reinterpret pc=0x00000000033559ac method=java.security.CodeSource.matchCerts(Ljava/security/CodeSource;Z)Z @ 11
Event: 5.241 Thread 0x000000001a547000 Uncommon trap: reason=unstable_if action=reinterpret pc=0x000000000330d17c method=java.util.LinkedHashMap.get(Ljava/lang/Object;)Ljava/lang/Object; @ 20
Event: 5.317 Thread 0x000000001a547000 Uncommon trap: reason=unstable_if action=reinterpret pc=0x00000000030fe9f0 method=org.objectweb.asm.ByteVector.putUTF8(Ljava/lang/String;)Lorg/objectweb/asm/ByteVector; @ 91
Event: 5.399 Thread 0x000000001a547000 Uncommon trap: reason=unstable_if action=reinterpret pc=0x0000000002fe0a70 method=org.objectweb.asm.ByteVector.putUTF8(Ljava/lang/String;)Lorg/objectweb/asm/ByteVector; @ 91
Event: 5.772 Thread 0x000000001a547000 Uncommon trap: reason=bimorphic action=maybe_recompile pc=0x0000000003623644 method=java.util.regex.Pattern$5.isSatisfiedBy(I)Z @ 16
Event: 5.772 Thread 0x000000001a547000 Uncommon trap: reason=bimorphic action=maybe_recompile pc=0x0000000003623644 method=java.util.regex.Pattern$5.isSatisfiedBy(I)Z @ 16
Event: 5.772 Thread 0x000000001a547000 Uncommon trap: reason=bimorphic action=maybe_recompile pc=0x0000000003623644 method=java.util.regex.Pattern$5.isSatisfiedBy(I)Z @ 16
Event: 5.772 Thread 0x000000001a547000 Uncommon trap: reason=bimorphic action=maybe_recompile pc=0x0000000003623644 method=java.util.regex.Pattern$5.isSatisfiedBy(I)Z @ 16
Event: 6.142 Thread 0x000000001a547000 Uncommon trap: reason=unstable_if action=reinterpret pc=0x0000000002da59d0 method=java.io.DataInputStream.readUTF(Ljava/io/DataInput;)Ljava/lang/String; @ 31

Classes redefined (0 events):
No events

Internal exceptions (10 events):
Event: 5.867 Thread 0x000000001a547000 Exception <a 'sun/nio/fs/WindowsException'> (0x00000000e1e1fb78) thrown at [D:\src\AOSP-openjdk-cygwin\jdk8u\hotspot\src\share\vm\prims\jni.cpp, line 709]
Event: 5.867 Thread 0x000000001a547000 Exception <a 'sun/nio/fs/WindowsException'> (0x00000000e1e206b8) thrown at [D:\src\AOSP-openjdk-cygwin\jdk8u\hotspot\src\share\vm\prims\jni.cpp, line 709]
Event: 5.867 Thread 0x000000001a547000 Exception <a 'sun/nio/fs/WindowsException'> (0x00000000e1e22230) thrown at [D:\src\AOSP-openjdk-cygwin\jdk8u\hotspot\src\share\vm\prims\jni.cpp, line 709]
Event: 5.867 Thread 0x000000001a547000 Exception <a 'sun/nio/fs/WindowsException'> (0x00000000e1e22db0) thrown at [D:\src\AOSP-openjdk-cygwin\jdk8u\hotspot\src\share\vm\prims\jni.cpp, line 709]
Event: 5.868 Thread 0x000000001a547000 Exception <a 'sun/nio/fs/WindowsException'> (0x00000000e1e25870) thrown at [D:\src\AOSP-openjdk-cygwin\jdk8u\hotspot\src\share\vm\prims\jni.cpp, line 709]
Event: 5.868 Thread 0x000000001a547000 Exception <a 'sun/nio/fs/WindowsException'> (0x00000000e1e26428) thrown at [D:\src\AOSP-openjdk-cygwin\jdk8u\hotspot\src\share\vm\prims\jni.cpp, line 709]
Event: 5.868 Thread 0x000000001a547000 Exception <a 'sun/nio/fs/WindowsException'> (0x00000000e1e28018) thrown at [D:\src\AOSP-openjdk-cygwin\jdk8u\hotspot\src\share\vm\prims\jni.cpp, line 709]
Event: 5.869 Thread 0x000000001a547000 Exception <a 'sun/nio/fs/WindowsException'> (0x00000000e1e28c10) thrown at [D:\src\AOSP-openjdk-cygwin\jdk8u\hotspot\src\share\vm\prims\jni.cpp, line 709]
Event: 5.877 Thread 0x000000001a547000 Exception <a 'java/lang/ClassNotFoundException': com/sun/org/glassfish/hk2/osgiresourcelocator/ServiceLoader> (0x00000000e1e84c58) thrown at [D:\src\AOSP-openjdk-cygwin\jdk8u\hotspot\src\share\vm\classfile\systemDictionary.cpp, line 210]
Event: 5.919 Thread 0x000000001a547000 Exception <a 'java/lang/NullPointerException'> (0x00000000e2319da0) thrown at [D:\src\AOSP-openjdk-cygwin\jdk8u\hotspot\src\share\vm\interpreter\linkResolver.cpp, line 1301]

Events (10 events):
Event: 6.232 loading class com/sun/org/apache/xerces/internal/impl/xs/models/XSCMBinOp
Event: 6.232 loading class com/sun/org/apache/xerces/internal/impl/xs/models/XSCMBinOp done
Event: 6.233 loading class com/sun/org/apache/xerces/internal/impl/xs/models/XSDFACM
Event: 6.233 loading class com/sun/org/apache/xerces/internal/impl/xs/models/XSDFACM done
Event: 6.233 loading class com/sun/org/apache/xerces/internal/impl/dtd/models/CMStateSet
Event: 6.233 loading class com/sun/org/apache/xerces/internal/impl/dtd/models/CMStateSet done
Event: 6.233 loading class com/sun/org/apache/xerces/internal/impl/xs/models/XSCMRepeatingLeaf
Event: 6.233 loading class com/sun/org/apache/xerces/internal/impl/xs/models/XSCMRepeatingLeaf done
Event: 6.233 loading class com/sun/org/apache/xerces/internal/impl/xs/models/XSAllCM
Event: 6.234 loading class com/sun/org/apache/xerces/internal/impl/xs/models/XSAllCM done


Dynamic libraries:
0x00007ff67c650000 - 0x00007ff67c681000 	D:\Programas\Android\Android Studio\jre\bin\java.exe
0x00007fffcc8e0000 - 0x00007fffccac1000 	C:\WINDOWS\SYSTEM32\ntdll.dll
0x00007fffaaa60000 - 0x00007fffaaa74000 	D:\Programas\Avast\aswhook.dll
0x00007fffcc680000 - 0x00007fffcc732000 	C:\WINDOWS\System32\KERNEL32.DLL
0x00007fffc9800000 - 0x00007fffc9a73000 	C:\WINDOWS\System32\KERNELBASE.dll
0x00007fffca140000 - 0x00007fffca1e1000 	C:\WINDOWS\System32\ADVAPI32.dll
0x00007fffcacf0000 - 0x00007fffcad8e000 	C:\WINDOWS\System32\msvcrt.dll
0x00007fffca0e0000 - 0x00007fffca13b000 	C:\WINDOWS\System32\sechost.dll
0x00007fffca760000 - 0x00007fffca884000 	C:\WINDOWS\System32\RPCRT4.dll
0x00007fffc9f50000 - 0x00007fffca0e0000 	C:\WINDOWS\System32\USER32.dll
0x00007fffc9c50000 - 0x00007fffc9c70000 	C:\WINDOWS\System32\win32u.dll
0x00007fffca2f0000 - 0x00007fffca318000 	C:\WINDOWS\System32\GDI32.dll
0x00007fffc8d00000 - 0x00007fffc8e92000 	C:\WINDOWS\System32\gdi32full.dll
0x00007fffc9b30000 - 0x00007fffc9bcf000 	C:\WINDOWS\System32\msvcp_win.dll
0x00007fffc9c70000 - 0x00007fffc9d6a000 	C:\WINDOWS\System32\ucrtbase.dll
0x00007fffbd110000 - 0x00007fffbd379000 	C:\WINDOWS\WinSxS\amd64_microsoft.windows.common-controls_6595b64144ccf1df_6.0.17134.523_none_fb409dd930672a56\COMCTL32.dll
0x00007fffcad90000 - 0x00007fffcb0b2000 	C:\WINDOWS\System32\combase.dll
0x00007fffc9bd0000 - 0x00007fffc9c4a000 	C:\WINDOWS\System32\bcryptPrimitives.dll
0x00007fffcb0c0000 - 0x00007fffcb0ed000 	C:\WINDOWS\System32\IMM32.DLL
0x000000005d9a0000 - 0x000000005da72000 	D:\Programas\Android\Android Studio\jre\jre\bin\msvcr100.dll
0x000000005e740000 - 0x000000005ef81000 	D:\Programas\Android\Android Studio\jre\jre\bin\server\jvm.dll
0x00007fffca4c0000 - 0x00007fffca4c8000 	C:\WINDOWS\System32\PSAPI.DLL
0x00007fffba4e0000 - 0x00007fffba4e9000 	C:\WINDOWS\SYSTEM32\WSOCK32.dll
0x00007fffcc840000 - 0x00007fffcc8ac000 	C:\WINDOWS\System32\WS2_32.dll
0x00007fffc5a70000 - 0x00007fffc5a93000 	C:\WINDOWS\SYSTEM32\WINMM.dll
0x00007fffc4c80000 - 0x00007fffc4c8a000 	C:\WINDOWS\SYSTEM32\VERSION.dll
0x00007fffc5a40000 - 0x00007fffc5a6a000 	C:\WINDOWS\SYSTEM32\WINMMBASE.dll
0x00007fffc8cb0000 - 0x00007fffc8cf9000 	C:\WINDOWS\System32\cfgmgr32.dll
0x00007fffbca20000 - 0x00007fffbca2f000 	D:\Programas\Android\Android Studio\jre\jre\bin\verify.dll
0x00007fffab600000 - 0x00007fffab629000 	D:\Programas\Android\Android Studio\jre\jre\bin\java.dll
0x00007fffb9ef0000 - 0x00007fffb9f06000 	D:\Programas\Android\Android Studio\jre\jre\bin\zip.dll
0x00007fffcb1e0000 - 0x00007fffcc620000 	C:\WINDOWS\System32\SHELL32.dll
0x00007fffca650000 - 0x00007fffca6f9000 	C:\WINDOWS\System32\shcore.dll
0x00007fffc90f0000 - 0x00007fffc97fd000 	C:\WINDOWS\System32\windows.storage.dll
0x00007fffcc7e0000 - 0x00007fffcc831000 	C:\WINDOWS\System32\shlwapi.dll
0x00007fffc8c70000 - 0x00007fffc8c81000 	C:\WINDOWS\System32\kernel.appcore.dll
0x00007fffc8c90000 - 0x00007fffc8caf000 	C:\WINDOWS\System32\profapi.dll
0x00007fffc8c20000 - 0x00007fffc8c6c000 	C:\WINDOWS\System32\powrprof.dll
0x00007fffc8c10000 - 0x00007fffc8c1a000 	C:\WINDOWS\System32\FLTLIB.DLL
0x00007fffab5e0000 - 0x00007fffab5fa000 	D:\Programas\Android\Android Studio\jre\jre\bin\net.dll
0x00007fffc8470000 - 0x00007fffc84d6000 	C:\WINDOWS\system32\mswsock.dll
0x00007fffab5c0000 - 0x00007fffab5d1000 	D:\Programas\Android\Android Studio\jre\jre\bin\nio.dll
0x00007fffa8f80000 - 0x00007fffa8f9e000 	C:\Users\Serban\.gradle\native\25\windows-amd64\native-platform.dll
0x00007fffab5b0000 - 0x00007fffab5bd000 	D:\Programas\Android\Android Studio\jre\jre\bin\management.dll
0x00007fffc8620000 - 0x00007fffc8637000 	C:\WINDOWS\SYSTEM32\CRYPTSP.dll
0x00007fffc8050000 - 0x00007fffc8083000 	C:\WINDOWS\system32\rsaenh.dll
0x00007fffc8750000 - 0x00007fffc8775000 	C:\WINDOWS\SYSTEM32\bcrypt.dll
0x00007fffc8af0000 - 0x00007fffc8b18000 	C:\WINDOWS\SYSTEM32\USERENV.dll
0x00007fffc8640000 - 0x00007fffc864b000 	C:\WINDOWS\SYSTEM32\CRYPTBASE.dll
0x00007fffc81f0000 - 0x00007fffc8228000 	C:\WINDOWS\SYSTEM32\IPHLPAPI.DLL
0x00007fffca890000 - 0x00007fffca898000 	C:\WINDOWS\System32\NSI.dll
0x00007fffc4de0000 - 0x00007fffc4df6000 	C:\WINDOWS\SYSTEM32\dhcpcsvc6.DLL
0x00007fffc4dc0000 - 0x00007fffc4dda000 	C:\WINDOWS\SYSTEM32\dhcpcsvc.DLL

VM Arguments:
jvm_args: -Xmx1536m -Dfile.encoding=windows-1252 -Duser.country=MX -Duser.language=es -Duser.variant 
java_command: org.gradle.launcher.daemon.bootstrap.GradleDaemon 4.6
java_class_path (initial): C:\Users\Serban\.gradle\wrapper\dists\gradle-4.6-all\bcst21l2brirad8k2ben1letg\gradle-4.6\lib\gradle-launcher-4.6.jar
Launcher Type: SUN_STANDARD

Environment Variables:
JAVA_HOME=C:\Program Files\Java\jdk1.8.0_171
CLASSPATH=.
USERNAME=Serban
OS=Windows_NT
PROCESSOR_IDENTIFIER=Intel64 Family 6 Model 158 Stepping 9, GenuineIntel



---------------  S Y S T E M  ---------------

OS: Windows 10.0 , 64 bit Build 17134 (10.0.17134.1)

CPU:total 8 (initial active 8) (4 cores per cpu, 2 threads per core) family 6 model 158 stepping 9, cmov, cx8, fxsr, mmx, sse, sse2, sse3, ssse3, sse4.1, sse4.2, popcnt, avx, avx2, aes, clmul, erms, 3dnowpref, lzcnt, ht, tsc, tscinvbit, bmi1, bmi2, adx

Memory: 4k page, physical 16658020k(2288272k free), swap 16658020k(5452k free)

vm_info: OpenJDK 64-Bit Server VM (25.152-b06) for windows-amd64 JRE (1.8.0_152-release-1136-b06), built by "builder" with MS VC++ 10.0 (VS2010)

time: Thu Oct 24 18:38:29 2019
elapsed time: 6 seconds (0d 0h 0m 6s)

