#
# There is insufficient memory for the Java Runtime Environment to continue.
# Native memory allocation (malloc) failed to allocate 1115696 bytes for Chunk::new
# Possible reasons:
#   The system is out of physical RAM or swap space
#   In 32 bit mode, the process size limit was hit
# Possible solutions:
#   Reduce memory load on the system
#   Increase physical memory or swap space
#   Check if swap backing store is full
#   Use 64 bit Java on a 64 bit OS
#   Decrease Java heap size (-Xmx/-Xms)
#   Decrease number of Java threads
#   Decrease Java thread stack sizes (-Xss)
#   Set larger code cache with -XX:ReservedCodeCacheSize=
# This output file may be truncated or incomplete.
#
#  Out of Memory Error (allocation.cpp:390), pid=16116, tid=0x0000000000002f44
#
# JRE version: OpenJDK Runtime Environment (8.0_152-b06) (build 1.8.0_152-release-1136-b06)
# Java VM: OpenJDK 64-Bit Server VM (25.152-b06 mixed mode windows-amd64 compressed oops)
# Failed to write core dump. Minidumps are not enabled by default on client versions of Windows
#

---------------  T H R E A D  ---------------

Current thread (0x0000000018f67000):  JavaThread "C2 CompilerThread2" daemon [_thread_in_native, id=12100, stack(0x0000000019940000,0x0000000019a40000)]

Stack: [0x0000000019940000,0x0000000019a40000]
[error occurred during error reporting (printing stack bounds), id 0xc0000005]

Native frames: (J=compiled Java code, j=interpreted, Vv=VM code, C=native code)


Current CompileTask:
C2:  11717 5167       4       java.lang.Class::getMethod0 (40 bytes)


---------------  P R O C E S S  ---------------

Java Threads: ( => current thread )
  0x000000001e9b9000 JavaThread "Memory manager" [_thread_blocked, id=17324, stack(0x00000000239c0000,0x0000000023ac0000)]
  0x000000001e9b9800 JavaThread "pool-1-thread-1" [_thread_blocked, id=3308, stack(0x00000000235b0000,0x00000000236b0000)]
  0x000000001de27800 JavaThread "Build operations Thread 8" [_thread_blocked, id=8872, stack(0x00000000230b0000,0x00000000231b0000)]
  0x000000001de26800 JavaThread "Build operations Thread 7" [_thread_blocked, id=16120, stack(0x0000000022fb0000,0x00000000230b0000)]
  0x000000001de29800 JavaThread "Build operations Thread 6" [_thread_blocked, id=16592, stack(0x0000000022c10000,0x0000000022d10000)]
  0x000000001de26000 JavaThread "Build operations Thread 5" [_thread_blocked, id=9860, stack(0x0000000022b10000,0x0000000022c10000)]
  0x000000001de25000 JavaThread "Build operations Thread 4" [_thread_blocked, id=14548, stack(0x0000000021590000,0x0000000021690000)]
  0x000000001de28000 JavaThread "Build operations Thread 3" [_thread_blocked, id=17032, stack(0x0000000021490000,0x0000000021590000)]
  0x000000001de24800 JavaThread "Build operations Thread 2" [_thread_blocked, id=15684, stack(0x0000000021390000,0x0000000021490000)]
  0x000000001de23800 JavaThread "Build operations" [_thread_blocked, id=17388, stack(0x0000000020020000,0x0000000020120000)]
  0x000000001de29000 JavaThread "Cache worker for Artifact transforms cache (C:\Users\Serban\.gradle\caches\transforms-1)" [_thread_blocked, id=5508, stack(0x000000001ff20000,0x0000000020020000)]
  0x000000001cb09000 JavaThread "Cache worker for file hash cache (D:\Documentos\JCMF\personal\CurAndr\InterfazUsuarioYControlesApp\.gradle\4.6\fileHashes)" [_thread_blocked, id=15100, stack(0x000000001da80000,0x000000001db80000)]
  0x000000001b1b1800 JavaThread "File lock request listener" [_thread_in_native, id=3400, stack(0x000000001c9b0000,0x000000001cab0000)]
  0x000000001aed1000 JavaThread "Cache worker for file hash cache (C:\Users\Serban\.gradle\caches\4.6\fileHashes)" [_thread_blocked, id=13964, stack(0x000000001c8b0000,0x000000001c9b0000)]
  0x000000001aecf000 JavaThread "Stdin handler" [_thread_blocked, id=13180, stack(0x000000001c4b0000,0x000000001c5b0000)]
  0x000000001af5c000 JavaThread "Asynchronous log dispatcher for DefaultDaemonConnection: socket connection from /127.0.0.1:58342 to /127.0.0.1:58344" [_thread_blocked, id=8704, stack(0x000000001c3b0000,0x000000001c4b0000)]
  0x000000001aebd000 JavaThread "Daemon worker" [_thread_in_vm, id=16272, stack(0x000000001c2b0000,0x000000001c3b0000)]
  0x000000001aed3000 JavaThread "Cancel handler" [_thread_blocked, id=8448, stack(0x000000001c1b0000,0x000000001c2b0000)]
  0x000000001acef000 JavaThread "Handler for socket connection from /127.0.0.1:58342 to /127.0.0.1:58344" [_thread_in_native, id=15660, stack(0x000000001beb0000,0x000000001bfb0000)]
  0x000000001aceb800 JavaThread "Daemon" [_thread_blocked, id=15116, stack(0x000000001bdb0000,0x000000001beb0000)]
  0x000000001acc2000 JavaThread "Daemon periodic checks" [_thread_blocked, id=5744, stack(0x000000001bcb0000,0x000000001bdb0000)]
  0x000000001ad92000 JavaThread "Incoming local TCP Connector on port 58342" [_thread_in_native, id=5660, stack(0x000000001ba50000,0x000000001bb50000)]
  0x0000000018ff9000 JavaThread "Service Thread" daemon [_thread_blocked, id=5396, stack(0x0000000019b40000,0x0000000019c40000)]
  0x0000000018f70000 JavaThread "C1 CompilerThread3" daemon [_thread_blocked, id=15588, stack(0x0000000019a40000,0x0000000019b40000)]
=>0x0000000018f67000 JavaThread "C2 CompilerThread2" daemon [_thread_in_native, id=12100, stack(0x0000000019940000,0x0000000019a40000)]
  0x0000000018f62000 JavaThread "C2 CompilerThread1" daemon [_thread_blocked, id=15576, stack(0x0000000019840000,0x0000000019940000)]
  0x0000000018f5e000 JavaThread "C2 CompilerThread0" daemon [_thread_in_native, id=10716, stack(0x0000000019740000,0x0000000019840000)]
  0x0000000018f59000 JavaThread "Attach Listener" daemon [_thread_blocked, id=11324, stack(0x0000000019640000,0x0000000019740000)]
  0x0000000018f58000 JavaThread "Signal Dispatcher" daemon [_thread_blocked, id=10060, stack(0x0000000019540000,0x0000000019640000)]
  0x0000000018f50800 JavaThread "Finalizer" daemon [_thread_blocked, id=4796, stack(0x0000000019330000,0x0000000019430000)]
  0x0000000003199000 JavaThread "Reference Handler" daemon [_thread_blocked, id=9760, stack(0x0000000018e30000,0x0000000018f30000)]
  0x00000000030a2800 JavaThread "main" [_thread_blocked, id=14484, stack(0x0000000002ed0000,0x0000000002fd0000)]

Other Threads:
  0x0000000017037800 VMThread [stack: 0x0000000018d30000,0x0000000018e30000] [id=11716]
  0x0000000018ffa000 WatcherThread [stack: 0x0000000019c40000,0x0000000019d40000] [id=9088]

VM state:not at safepoint (normal execution)

VM Mutex/Monitor currently owned by a thread: None

Heap:
 PSYoungGen      total 102400K, used 50840K [0x00000000e0000000, 0x00000000e9c80000, 0x0000000100000000)
  eden space 91648K, 43% used [0x00000000e0000000,0x00000000e272a370,0x00000000e5980000)
  from space 10752K, 99% used [0x00000000e6780000,0x00000000e71fc040,0x00000000e7200000)
  to   space 14336K, 0% used [0x00000000e5980000,0x00000000e5980000,0x00000000e6780000)
 ParOldGen       total 106496K, used 20520K [0x00000000a0000000, 0x00000000a6800000, 0x00000000e0000000)
  object space 106496K, 19% used [0x00000000a0000000,0x00000000a140a320,0x00000000a6800000)
 Metaspace       used 52270K, capacity 53812K, committed 53928K, reserved 1095680K
  class space    used 7083K, capacity 7487K, committed 7600K, reserved 1048576K

Card table byte_map: [0x0000000012640000,0x0000000012950000] byte_map_base: 0x0000000012140000

Marking Bits: (ParMarkBitMap*) 0x000000005ef05aa0
 Begin Bits: [0x0000000013350000, 0x0000000014b50000)
 End Bits:   [0x0000000014b50000, 0x0000000016350000)

Polling page: 0x00000000015c0000

CodeCache: size=245760Kb used=17180Kb max_used=17191Kb free=228579Kb
 bounds [0x0000000003280000, 0x0000000004360000, 0x0000000012280000]
 total_blobs=5642 nmethods=4873 adapters=681
 compilation: enabled

Compilation events (10 events):
Event: 11.708 Thread 0x0000000018f70000 nmethod 5244 0x00000000043518d0 code [0x0000000004351a40, 0x0000000004351ca8]
Event: 11.713 Thread 0x0000000018f70000 5245       3       sun.reflect.ClassFileAssembler::opc_aload_1 (24 bytes)
Event: 11.713 Thread 0x0000000018f62000 5246       4       java.lang.reflect.AccessibleObject::setAccessible (21 bytes)
Event: 11.714 Thread 0x0000000018f70000 nmethod 5245 0x0000000004351d90 code [0x0000000004351f20, 0x00000000043522c8]
Event: 11.714 Thread 0x0000000018f70000 5247       3       org.gradle.api.internal.AsmBackedClassGenerator$ClassBuilderImpl::addGetter (20 bytes)
Event: 11.714 Thread 0x0000000018f70000 nmethod 5247 0x0000000004352450 code [0x00000000043525c0, 0x0000000004352838]
Event: 11.714 Thread 0x0000000018f70000 5249       3       org.apache.commons.collections.map.AbstractHashedMap$HashEntry::<init> (26 bytes)
Event: 11.714 Thread 0x0000000018f70000 nmethod 5249 0x0000000004352950 code [0x0000000004352aa0, 0x0000000004352c90]
Event: 11.715 Thread 0x0000000018f62000 nmethod 5246 0x0000000004355a10 code [0x0000000004355b60, 0x0000000004355c38]
Event: 11.715 Thread 0x0000000018f62000 5248       4       org.objectweb.asm.ByteVector::putByteArray (49 bytes)

GC Heap History (10 events):
Event: 4.669 GC heap before
{Heap before GC invocations=6 (full 1):
 PSYoungGen      total 76288K, used 72728K [0x00000000e0000000, 0x00000000e7300000, 0x0000000100000000)
  eden space 65536K, 100% used [0x00000000e0000000,0x00000000e4000000,0x00000000e4000000)
  from space 10752K, 66% used [0x00000000e4a80000,0x00000000e51863b0,0x00000000e5500000)
  to   space 10752K, 0% used [0x00000000e4000000,0x00000000e4000000,0x00000000e4a80000)
 ParOldGen       total 106496K, used 8569K [0x00000000a0000000, 0x00000000a6800000, 0x00000000e0000000)
  object space 106496K, 8% used [0x00000000a0000000,0x00000000a085e5f8,0x00000000a6800000)
 Metaspace       used 30012K, capacity 30508K, committed 30768K, reserved 1075200K
  class space    used 4172K, capacity 4319K, committed 4400K, reserved 1048576K
Event: 4.675 GC heap after
Heap after GC invocations=6 (full 1):
 PSYoungGen      total 76288K, used 8540K [0x00000000e0000000, 0x00000000e7200000, 0x0000000100000000)
  eden space 65536K, 0% used [0x00000000e0000000,0x00000000e0000000,0x00000000e4000000)
  from space 10752K, 79% used [0x00000000e4000000,0x00000000e48572c8,0x00000000e4a80000)
  to   space 10752K, 0% used [0x00000000e6780000,0x00000000e6780000,0x00000000e7200000)
 ParOldGen       total 106496K, used 8577K [0x00000000a0000000, 0x00000000a6800000, 0x00000000e0000000)
  object space 106496K, 8% used [0x00000000a0000000,0x00000000a08605f8,0x00000000a6800000)
 Metaspace       used 30012K, capacity 30508K, committed 30768K, reserved 1075200K
  class space    used 4172K, capacity 4319K, committed 4400K, reserved 1048576K
}
Event: 5.076 GC heap before
{Heap before GC invocations=7 (full 1):
 PSYoungGen      total 76288K, used 38124K [0x00000000e0000000, 0x00000000e7200000, 0x0000000100000000)
  eden space 65536K, 45% used [0x00000000e0000000,0x00000000e1ce3f88,0x00000000e4000000)
  from space 10752K, 79% used [0x00000000e4000000,0x00000000e48572c8,0x00000000e4a80000)
  to   space 10752K, 0% used [0x00000000e6780000,0x00000000e6780000,0x00000000e7200000)
 ParOldGen       total 106496K, used 8577K [0x00000000a0000000, 0x00000000a6800000, 0x00000000e0000000)
  object space 106496K, 8% used [0x00000000a0000000,0x00000000a08605f8,0x00000000a6800000)
 Metaspace       used 34842K, capacity 35430K, committed 35496K, reserved 1079296K
  class space    used 4811K, capacity 5025K, committed 5040K, reserved 1048576K
Event: 5.083 GC heap after
Heap after GC invocations=7 (full 1):
 PSYoungGen      total 105984K, used 9621K [0x00000000e0000000, 0x00000000e7580000, 0x0000000100000000)
  eden space 95232K, 0% used [0x00000000e0000000,0x00000000e0000000,0x00000000e5d00000)
  from space 10752K, 89% used [0x00000000e6780000,0x00000000e70e5508,0x00000000e7200000)
  to   space 10752K, 0% used [0x00000000e5d00000,0x00000000e5d00000,0x00000000e6780000)
 ParOldGen       total 106496K, used 8585K [0x00000000a0000000, 0x00000000a6800000, 0x00000000e0000000)
  object space 106496K, 8% used [0x00000000a0000000,0x00000000a08625f8,0x00000000a6800000)
 Metaspace       used 34842K, capacity 35430K, committed 35496K, reserved 1079296K
  class space    used 4811K, capacity 5025K, committed 5040K, reserved 1048576K
}
Event: 5.083 GC heap before
{Heap before GC invocations=8 (full 2):
 PSYoungGen      total 105984K, used 9621K [0x00000000e0000000, 0x00000000e7580000, 0x0000000100000000)
  eden space 95232K, 0% used [0x00000000e0000000,0x00000000e0000000,0x00000000e5d00000)
  from space 10752K, 89% used [0x00000000e6780000,0x00000000e70e5508,0x00000000e7200000)
  to   space 10752K, 0% used [0x00000000e5d00000,0x00000000e5d00000,0x00000000e6780000)
 ParOldGen       total 106496K, used 8585K [0x00000000a0000000, 0x00000000a6800000, 0x00000000e0000000)
  object space 106496K, 8% used [0x00000000a0000000,0x00000000a08625f8,0x00000000a6800000)
 Metaspace       used 34842K, capacity 35430K, committed 35496K, reserved 1079296K
  class space    used 4811K, capacity 5025K, committed 5040K, reserved 1048576K
Event: 5.121 GC heap after
Heap after GC invocations=8 (full 2):
 PSYoungGen      total 105984K, used 0K [0x00000000e0000000, 0x00000000e7580000, 0x0000000100000000)
  eden space 95232K, 0% used [0x00000000e0000000,0x00000000e0000000,0x00000000e5d00000)
  from space 10752K, 0% used [0x00000000e6780000,0x00000000e6780000,0x00000000e7200000)
  to   space 10752K, 0% used [0x00000000e5d00000,0x00000000e5d00000,0x00000000e6780000)
 ParOldGen       total 106496K, used 16121K [0x00000000a0000000, 0x00000000a6800000, 0x00000000e0000000)
  object space 106496K, 15% used [0x00000000a0000000,0x00000000a0fbe450,0x00000000a6800000)
 Metaspace       used 34842K, capacity 35430K, committed 35496K, reserved 1079296K
  class space    used 4811K, capacity 5025K, committed 5040K, reserved 1048576K
}
Event: 6.076 GC heap before
{Heap before GC invocations=9 (full 2):
 PSYoungGen      total 105984K, used 95232K [0x00000000e0000000, 0x00000000e7580000, 0x0000000100000000)
  eden space 95232K, 100% used [0x00000000e0000000,0x00000000e5d00000,0x00000000e5d00000)
  from space 10752K, 0% used [0x00000000e6780000,0x00000000e6780000,0x00000000e7200000)
  to   space 10752K, 0% used [0x00000000e5d00000,0x00000000e5d00000,0x00000000e6780000)
 ParOldGen       total 106496K, used 16121K [0x00000000a0000000, 0x00000000a6800000, 0x00000000e0000000)
  object space 106496K, 15% used [0x00000000a0000000,0x00000000a0fbe450,0x00000000a6800000)
 Metaspace       used 41121K, capacity 41836K, committed 42152K, reserved 1085440K
  class space    used 5517K, capacity 5764K, committed 5808K, reserved 1048576K
Event: 6.085 GC heap after
Heap after GC invocations=9 (full 2):
 PSYoungGen      total 105984K, used 10740K [0x00000000e0000000, 0x00000000e7580000, 0x0000000100000000)
  eden space 95232K, 0% used [0x00000000e0000000,0x00000000e0000000,0x00000000e5d00000)
  from space 10752K, 99% used [0x00000000e5d00000,0x00000000e677d188,0x00000000e6780000)
  to   space 10752K, 0% used [0x00000000e6780000,0x00000000e6780000,0x00000000e7200000)
 ParOldGen       total 106496K, used 16273K [0x00000000a0000000, 0x00000000a6800000, 0x00000000e0000000)
  object space 106496K, 15% used [0x00000000a0000000,0x00000000a0fe46d0,0x00000000a6800000)
 Metaspace       used 41121K, capacity 41836K, committed 42152K, reserved 1085440K
  class space    used 5517K, capacity 5764K, committed 5808K, reserved 1048576K
}
Event: 8.341 GC heap before
{Heap before GC invocations=10 (full 2):
 PSYoungGen      total 105984K, used 105972K [0x00000000e0000000, 0x00000000e7580000, 0x0000000100000000)
  eden space 95232K, 100% used [0x00000000e0000000,0x00000000e5d00000,0x00000000e5d00000)
  from space 10752K, 99% used [0x00000000e5d00000,0x00000000e677d188,0x00000000e6780000)
  to   space 10752K, 0% used [0x00000000e6780000,0x00000000e6780000,0x00000000e7200000)
 ParOldGen       total 106496K, used 16273K [0x00000000a0000000, 0x00000000a6800000, 0x00000000e0000000)
  object space 106496K, 15% used [0x00000000a0000000,0x00000000a0fe46d0,0x00000000a6800000)
 Metaspace       used 47821K, capacity 48826K, committed 49064K, reserved 1091584K
  class space    used 6427K, capacity 6714K, committed 6832K, reserved 1048576K
Event: 8.350 GC heap after
Heap after GC invocations=10 (full 2):
 PSYoungGen      total 102400K, used 10736K [0x00000000e0000000, 0x00000000e9c80000, 0x0000000100000000)
  eden space 91648K, 0% used [0x00000000e0000000,0x00000000e0000000,0x00000000e5980000)
  from space 10752K, 99% used [0x00000000e6780000,0x00000000e71fc040,0x00000000e7200000)
  to   space 14336K, 0% used [0x00000000e5980000,0x00000000e5980000,0x00000000e6780000)
 ParOldGen       total 106496K, used 20520K [0x00000000a0000000, 0x00000000a6800000, 0x00000000e0000000)
  object space 106496K, 19% used [0x00000000a0000000,0x00000000a140a320,0x00000000a6800000)
 Metaspace       used 47821K, capacity 48826K, committed 49064K, reserved 1091584K
  class space    used 6427K, capacity 6714K, committed 6832K, reserved 1048576K
}

Deoptimization events (10 events):
Event: 7.323 Thread 0x000000001aebd000 Uncommon trap: reason=unstable_if action=reinterpret pc=0x00000000037c7090 method=java.io.DataInputStream.readUTF(Ljava/io/DataInput;)Ljava/lang/String; @ 31
Event: 7.677 Thread 0x000000001aebd000 Uncommon trap: reason=unstable_if action=reinterpret pc=0x0000000003b21bb8 method=java.util.regex.Pattern$BmpCharProperty.match(Ljava/util/regex/Matcher;ILjava/lang/CharSequence;)Z @ 34
Event: 8.235 Thread 0x000000001aebd000 Uncommon trap: reason=unstable_if action=reinterpret pc=0x0000000004118908 method=com.sun.org.apache.xerces.internal.impl.io.UTF8Reader.read([CII)I @ 131
Event: 8.236 Thread 0x000000001aebd000 Uncommon trap: reason=unstable_if action=reinterpret pc=0x0000000004108b68 method=com.sun.org.apache.xerces.internal.impl.io.UTF8Reader.read([CII)I @ 131
Event: 8.236 Thread 0x000000001aebd000 Uncommon trap: reason=unstable_if action=reinterpret pc=0x00000000040cec5c method=java.util.regex.Pattern$BitClass.isSatisfiedBy(I)Z @ 4
Event: 8.236 Thread 0x000000001aebd000 Uncommon trap: reason=unstable_if action=reinterpret pc=0x00000000040b3b4c method=java.util.regex.Pattern$Ctype.isSatisfiedBy(I)Z @ 4
Event: 8.382 Thread 0x000000001aebd000 Uncommon trap: reason=unstable_if action=reinterpret pc=0x00000000040ebfd8 method=com.sun.org.apache.xerces.internal.impl.XMLEntityScanner.scanContent(Lcom/sun/org/apache/xerces/internal/xni/XMLString;)I @ 44
Event: 8.384 Thread 0x000000001aebd000 Uncommon trap: reason=unstable_if action=reinterpret pc=0x00000000040a67f4 method=com.sun.org.apache.xerces.internal.impl.XMLEntityScanner.checkBeforeLoad(Lcom/sun/xml/internal/stream/Entity$ScannedEntity;II)I @ 18
Event: 11.397 Thread 0x000000001aebd000 Uncommon trap: reason=class_check action=maybe_recompile pc=0x0000000003b68450 method=java.io.BufferedInputStream.read1([BII)I @ 39
Event: 11.397 Thread 0x000000001aebd000 Uncommon trap: reason=class_check action=maybe_recompile pc=0x0000000003a56898 method=java.io.BufferedInputStream.read1([BII)I @ 39

Classes redefined (0 events):
No events

Internal exceptions (10 events):
Event: 8.334 Thread 0x000000001aebd000 Exception <a 'sun/nio/fs/WindowsException'> (0x00000000e5ce9b08) thrown at [D:\src\AOSP-openjdk-cygwin\jdk8u\hotspot\src\share\vm\prims\jni.cpp, line 709]
Event: 8.334 Thread 0x000000001aebd000 Exception <a 'sun/nio/fs/WindowsException'> (0x00000000e5cec5c8) thrown at [D:\src\AOSP-openjdk-cygwin\jdk8u\hotspot\src\share\vm\prims\jni.cpp, line 709]
Event: 8.334 Thread 0x000000001aebd000 Exception <a 'sun/nio/fs/WindowsException'> (0x00000000e5ced180) thrown at [D:\src\AOSP-openjdk-cygwin\jdk8u\hotspot\src\share\vm\prims\jni.cpp, line 709]
Event: 8.334 Thread 0x000000001aebd000 Exception <a 'sun/nio/fs/WindowsException'> (0x00000000e5ceed70) thrown at [D:\src\AOSP-openjdk-cygwin\jdk8u\hotspot\src\share\vm\prims\jni.cpp, line 709]
Event: 8.335 Thread 0x000000001aebd000 Exception <a 'sun/nio/fs/WindowsException'> (0x00000000e5cef968) thrown at [D:\src\AOSP-openjdk-cygwin\jdk8u\hotspot\src\share\vm\prims\jni.cpp, line 709]
Event: 8.426 Thread 0x000000001aebd000 Exception <a 'java/lang/NoSuchMethodError': java.lang.Object.lambda$comparing$77a9974f$1(Ljava/util/function/Function;Ljava/lang/Object;Ljava/lang/Object;)I> (0x00000000e01cbcc8) thrown at [D:\src\AOSP-openjdk-cygwin\jdk8u\hotspot\src\share\vm\interpreter
Event: 8.428 Thread 0x000000001aebd000 Exception <a 'java/lang/NoSuchMethodError': java.lang.Object.lambda$thenComparing$36697e65$1(Ljava/util/Comparator;Ljava/lang/Object;Ljava/lang/Object;)I> (0x00000000e01d7348) thrown at [D:\src\AOSP-openjdk-cygwin\jdk8u\hotspot\src\share\vm\interpreter\li
Event: 8.486 Thread 0x000000001aebd000 Exception <a 'java/lang/NoSuchMethodError': java.lang.Object.lambda$maxBy$1(Ljava/util/Comparator;Ljava/lang/Object;Ljava/lang/Object;)Ljava/lang/Object;> (0x00000000e032b1a0) thrown at [D:\src\AOSP-openjdk-cygwin\jdk8u\hotspot\src\share\vm\interpreter\li
Event: 11.191 Thread 0x000000001aebd000 Exception <a 'java/lang/ClassNotFoundException': org/gradle/api/plugins/BasePluginConventionBeanInfo> (0x00000000e0ada280) thrown at [D:\src\AOSP-openjdk-cygwin\jdk8u\hotspot\src\share\vm\classfile\systemDictionary.cpp, line 210]
Event: 11.192 Thread 0x000000001aebd000 Exception <a 'java/lang/ClassNotFoundException': org/gradle/api/plugins/BasePluginConventionCustomizer> (0x00000000e0afebd0) thrown at [D:\src\AOSP-openjdk-cygwin\jdk8u\hotspot\src\share\vm\classfile\systemDictionary.cpp, line 210]

Events (10 events):
Event: 11.708 loading class com/android/build/gradle/internal/scope/VariantScope
Event: 11.708 loading class com/android/build/gradle/internal/scope/VariantScope done
Event: 11.708 loading class com/android/build/gradle/internal/pipeline/TransformTask
Event: 11.708 loading class com/android/build/gradle/internal/pipeline/TransformTask done
Event: 11.708 loading class com/android/build/gradle/internal/ApplicationTaskManager
Event: 11.708 loading class com/android/build/gradle/internal/ApplicationTaskManager done
Event: 11.708 loading class com/android/build/gradle/internal/tasks/ValidateSigningTask$ConfigAction
Event: 11.709 loading class com/android/build/gradle/internal/tasks/ValidateSigningTask$ConfigAction done
Event: 11.710 loading class com/android/build/gradle/internal/tasks/ValidateSigningTask
Event: 11.710 loading class com/android/build/gradle/internal/tasks/ValidateSigningTask done


Dynamic libraries:
0x00007ff67c650000 - 0x00007ff67c681000 	D:\Programas\Android\Android Studio\jre\bin\java.exe
0x00007fffcc8e0000 - 0x00007fffccac1000 	C:\WINDOWS\SYSTEM32\ntdll.dll
0x00007fffaaa60000 - 0x00007fffaaa74000 	D:\Programas\Avast\aswhook.dll
0x00007fffcc680000 - 0x00007fffcc732000 	C:\WINDOWS\System32\KERNEL32.DLL
0x00007fffc9800000 - 0x00007fffc9a73000 	C:\WINDOWS\System32\KERNELBASE.dll
0x00007fffca140000 - 0x00007fffca1e1000 	C:\WINDOWS\System32\ADVAPI32.dll
0x00007fffcacf0000 - 0x00007fffcad8e000 	C:\WINDOWS\System32\msvcrt.dll
0x00007fffca0e0000 - 0x00007fffca13b000 	C:\WINDOWS\System32\sechost.dll
0x00007fffca760000 - 0x00007fffca884000 	C:\WINDOWS\System32\RPCRT4.dll
0x00007fffc9f50000 - 0x00007fffca0e0000 	C:\WINDOWS\System32\USER32.dll
0x00007fffc9c50000 - 0x00007fffc9c70000 	C:\WINDOWS\System32\win32u.dll
0x00007fffca2f0000 - 0x00007fffca318000 	C:\WINDOWS\System32\GDI32.dll
0x00007fffc8d00000 - 0x00007fffc8e92000 	C:\WINDOWS\System32\gdi32full.dll
0x00007fffc9b30000 - 0x00007fffc9bcf000 	C:\WINDOWS\System32\msvcp_win.dll
0x00007fffc9c70000 - 0x00007fffc9d6a000 	C:\WINDOWS\System32\ucrtbase.dll
0x00007fffbd110000 - 0x00007fffbd379000 	C:\WINDOWS\WinSxS\amd64_microsoft.windows.common-controls_6595b64144ccf1df_6.0.17134.523_none_fb409dd930672a56\COMCTL32.dll
0x00007fffcad90000 - 0x00007fffcb0b2000 	C:\WINDOWS\System32\combase.dll
0x00007fffc9bd0000 - 0x00007fffc9c4a000 	C:\WINDOWS\System32\bcryptPrimitives.dll
0x00007fffcb0c0000 - 0x00007fffcb0ed000 	C:\WINDOWS\System32\IMM32.DLL
0x000000005d9a0000 - 0x000000005da72000 	D:\Programas\Android\Android Studio\jre\jre\bin\msvcr100.dll
0x000000005e740000 - 0x000000005ef81000 	D:\Programas\Android\Android Studio\jre\jre\bin\server\jvm.dll
0x00007fffca4c0000 - 0x00007fffca4c8000 	C:\WINDOWS\System32\PSAPI.DLL
0x00007fffba4e0000 - 0x00007fffba4e9000 	C:\WINDOWS\SYSTEM32\WSOCK32.dll
0x00007fffcc840000 - 0x00007fffcc8ac000 	C:\WINDOWS\System32\WS2_32.dll
0x00007fffc5a70000 - 0x00007fffc5a93000 	C:\WINDOWS\SYSTEM32\WINMM.dll
0x00007fffc4c80000 - 0x00007fffc4c8a000 	C:\WINDOWS\SYSTEM32\VERSION.dll
0x00007fffc5a40000 - 0x00007fffc5a6a000 	C:\WINDOWS\SYSTEM32\WINMMBASE.dll
0x00007fffc8cb0000 - 0x00007fffc8cf9000 	C:\WINDOWS\System32\cfgmgr32.dll
0x00007fffbca20000 - 0x00007fffbca2f000 	D:\Programas\Android\Android Studio\jre\jre\bin\verify.dll
0x00007fffab600000 - 0x00007fffab629000 	D:\Programas\Android\Android Studio\jre\jre\bin\java.dll
0x00007fffb9ef0000 - 0x00007fffb9f06000 	D:\Programas\Android\Android Studio\jre\jre\bin\zip.dll
0x00007fffcb1e0000 - 0x00007fffcc620000 	C:\WINDOWS\System32\SHELL32.dll
0x00007fffca650000 - 0x00007fffca6f9000 	C:\WINDOWS\System32\shcore.dll
0x00007fffc90f0000 - 0x00007fffc97fd000 	C:\WINDOWS\System32\windows.storage.dll
0x00007fffcc7e0000 - 0x00007fffcc831000 	C:\WINDOWS\System32\shlwapi.dll
0x00007fffc8c70000 - 0x00007fffc8c81000 	C:\WINDOWS\System32\kernel.appcore.dll
0x00007fffc8c90000 - 0x00007fffc8caf000 	C:\WINDOWS\System32\profapi.dll
0x00007fffc8c20000 - 0x00007fffc8c6c000 	C:\WINDOWS\System32\powrprof.dll
0x00007fffc8c10000 - 0x00007fffc8c1a000 	C:\WINDOWS\System32\FLTLIB.DLL
0x00007fffab5e0000 - 0x00007fffab5fa000 	D:\Programas\Android\Android Studio\jre\jre\bin\net.dll
0x00007fffc8470000 - 0x00007fffc84d6000 	C:\WINDOWS\system32\mswsock.dll
0x00007fffab5c0000 - 0x00007fffab5d1000 	D:\Programas\Android\Android Studio\jre\jre\bin\nio.dll
0x00007fffa8f80000 - 0x00007fffa8f9e000 	C:\Users\Serban\.gradle\native\25\windows-amd64\native-platform.dll
0x00007fffab5b0000 - 0x00007fffab5bd000 	D:\Programas\Android\Android Studio\jre\jre\bin\management.dll
0x00007fffc8620000 - 0x00007fffc8637000 	C:\WINDOWS\SYSTEM32\CRYPTSP.dll
0x00007fffc8050000 - 0x00007fffc8083000 	C:\WINDOWS\system32\rsaenh.dll
0x00007fffc8750000 - 0x00007fffc8775000 	C:\WINDOWS\SYSTEM32\bcrypt.dll
0x00007fffc8af0000 - 0x00007fffc8b18000 	C:\WINDOWS\SYSTEM32\USERENV.dll
0x00007fffc8640000 - 0x00007fffc864b000 	C:\WINDOWS\SYSTEM32\CRYPTBASE.dll
0x00007fffc81f0000 - 0x00007fffc8228000 	C:\WINDOWS\SYSTEM32\IPHLPAPI.DLL
0x00007fffca890000 - 0x00007fffca898000 	C:\WINDOWS\System32\NSI.dll
0x00007fffc4de0000 - 0x00007fffc4df6000 	C:\WINDOWS\SYSTEM32\dhcpcsvc6.DLL
0x00007fffc4dc0000 - 0x00007fffc4dda000 	C:\WINDOWS\SYSTEM32\dhcpcsvc.DLL

VM Arguments:
jvm_args: -Xmx1536m -Dfile.encoding=windows-1252 -Duser.country=MX -Duser.language=es -Duser.variant 
java_command: org.gradle.launcher.daemon.bootstrap.GradleDaemon 4.6
java_class_path (initial): C:\Users\Serban\.gradle\wrapper\dists\gradle-4.6-all\bcst21l2brirad8k2ben1letg\gradle-4.6\lib\gradle-launcher-4.6.jar
Launcher Type: SUN_STANDARD

Environment Variables:
JAVA_HOME=C:\Program Files\Java\jdk1.8.0_171
CLASSPATH=.
USERNAME=Serban
OS=Windows_NT
PROCESSOR_IDENTIFIER=Intel64 Family 6 Model 158 Stepping 9, GenuineIntel



---------------  S Y S T E M  ---------------

OS: Windows 10.0 , 64 bit Build 17134 (10.0.17134.1)

CPU:total 8 (initial active 8) (4 cores per cpu, 2 threads per core) family 6 model 158 stepping 9, cmov, cx8, fxsr, mmx, sse, sse2, sse3, ssse3, sse4.1, sse4.2, popcnt, avx, avx2, aes, clmul, erms, 3dnowpref, lzcnt, ht, tsc, tscinvbit, bmi1, bmi2, adx

Memory: 4k page, physical 16658020k(2327492k free), swap 16658020k(6012k free)

vm_info: OpenJDK 64-Bit Server VM (25.152-b06) for windows-amd64 JRE (1.8.0_152-release-1136-b06), built by "builder" with MS VC++ 10.0 (VS2010)

time: Thu Oct 24 18:35:52 2019
elapsed time: 11 seconds (0d 0h 0m 11s)

