#
# There is insufficient memory for the Java Runtime Environment to continue.
# Native memory allocation (malloc) failed to allocate 2238576 bytes for Chunk::new
# Possible reasons:
#   The system is out of physical RAM or swap space
#   In 32 bit mode, the process size limit was hit
# Possible solutions:
#   Reduce memory load on the system
#   Increase physical memory or swap space
#   Check if swap backing store is full
#   Use 64 bit Java on a 64 bit OS
#   Decrease Java heap size (-Xmx/-Xms)
#   Decrease number of Java threads
#   Decrease Java thread stack sizes (-Xss)
#   Set larger code cache with -XX:ReservedCodeCacheSize=
# This output file may be truncated or incomplete.
#
#  Out of Memory Error (allocation.cpp:390), pid=2112, tid=0x0000000000001280
#
# JRE version: OpenJDK Runtime Environment (8.0_152-b06) (build 1.8.0_152-release-1136-b06)
# Java VM: OpenJDK 64-Bit Server VM (25.152-b06 mixed mode windows-amd64 compressed oops)
# Failed to write core dump. Minidumps are not enabled by default on client versions of Windows
#

---------------  T H R E A D  ---------------

Current thread (0x000000001864a000):  JavaThread "C2 CompilerThread0" daemon [_thread_in_native, id=4736, stack(0x0000000018e30000,0x0000000018f30000)]

Stack: [0x0000000018e30000,0x0000000018f30000]
[error occurred during error reporting (printing stack bounds), id 0xc0000005]

Native frames: (J=compiled Java code, j=interpreted, Vv=VM code, C=native code)


Current CompileTask:
C2:   2746 1437   !   4       java.net.URLClassLoader$1::run (63 bytes)


---------------  P R O C E S S  ---------------

Java Threads: ( => current thread )
  0x000000001ab0c800 JavaThread "Cache worker for file hash cache (D:\Documentos\JCMF\personal\CurAndr\InterfazUsuarioYControlesApp\.gradle\4.6\fileHashes)" [_thread_blocked, id=5208, stack(0x000000001d170000,0x000000001d270000)]
  0x000000001a754000 JavaThread "File lock request listener" [_thread_in_native, id=9128, stack(0x000000001c0a0000,0x000000001c1a0000)]
  0x000000001a7e0000 JavaThread "Cache worker for file hash cache (C:\Users\Serban\.gradle\caches\4.6\fileHashes)" [_thread_blocked, id=16552, stack(0x000000001bfa0000,0x000000001c0a0000)]
  0x000000001a5ab800 JavaThread "Stdin handler" [_thread_blocked, id=14744, stack(0x000000001bca0000,0x000000001bda0000)]
  0x000000001a755800 JavaThread "Asynchronous log dispatcher for DefaultDaemonConnection: socket connection from /127.0.0.1:58288 to /127.0.0.1:58289" [_thread_blocked, id=16340, stack(0x000000001baa0000,0x000000001bba0000)]
  0x000000001a74d000 JavaThread "Daemon worker" [_thread_in_Java, id=9540, stack(0x000000001b9a0000,0x000000001baa0000)]
  0x000000001a5aa800 JavaThread "Cancel handler" [_thread_blocked, id=2108, stack(0x000000001b8a0000,0x000000001b9a0000)]
  0x000000001a73f800 JavaThread "Handler for socket connection from /127.0.0.1:58288 to /127.0.0.1:58289" [_thread_in_native, id=17056, stack(0x000000001b5a0000,0x000000001b6a0000)]
  0x000000001a6f3000 JavaThread "Daemon" [_thread_blocked, id=8848, stack(0x000000001b4a0000,0x000000001b5a0000)]
  0x000000001a7b1000 JavaThread "Daemon periodic checks" [_thread_blocked, id=5964, stack(0x000000001b3a0000,0x000000001b4a0000)]
  0x000000001a43d000 JavaThread "Incoming local TCP Connector on port 58288" [_thread_in_native, id=15188, stack(0x000000001b140000,0x000000001b240000)]
  0x00000000186e3000 JavaThread "Service Thread" daemon [_thread_blocked, id=15916, stack(0x0000000019230000,0x0000000019330000)]
  0x000000001865e000 JavaThread "C1 CompilerThread3" daemon [_thread_in_native, id=6684, stack(0x0000000019130000,0x0000000019230000)]
  0x0000000018656800 JavaThread "C2 CompilerThread2" daemon [_thread_in_native, id=1304, stack(0x0000000019030000,0x0000000019130000)]
  0x0000000018652800 JavaThread "C2 CompilerThread1" daemon [_thread_in_native, id=11072, stack(0x0000000018f30000,0x0000000019030000)]
=>0x000000001864a000 JavaThread "C2 CompilerThread0" daemon [_thread_in_native, id=4736, stack(0x0000000018e30000,0x0000000018f30000)]
  0x0000000018649000 JavaThread "Attach Listener" daemon [_thread_blocked, id=12128, stack(0x0000000018d30000,0x0000000018e30000)]
  0x0000000018648800 JavaThread "Signal Dispatcher" daemon [_thread_blocked, id=15936, stack(0x0000000018c30000,0x0000000018d30000)]
  0x0000000018640800 JavaThread "Finalizer" daemon [_thread_blocked, id=4136, stack(0x0000000018a20000,0x0000000018b20000)]
  0x000000001674b800 JavaThread "Reference Handler" daemon [_thread_blocked, id=10112, stack(0x0000000018520000,0x0000000018620000)]
  0x0000000002892800 JavaThread "main" [_thread_blocked, id=10196, stack(0x00000000026a0000,0x00000000027a0000)]

Other Threads:
  0x0000000016746800 VMThread [stack: 0x0000000018420000,0x0000000018520000] [id=16100]
  0x00000000186e4000 WatcherThread [stack: 0x0000000019330000,0x0000000019430000] [id=16604]

VM state:not at safepoint (normal execution)

VM Mutex/Monitor currently owned by a thread: None

Heap:
 PSYoungGen      total 76288K, used 27696K [0x00000000e0000000, 0x00000000e5500000, 0x0000000100000000)
  eden space 65536K, 25% used [0x00000000e0000000,0x00000000e10914b8,0x00000000e4000000)
  from space 10752K, 99% used [0x00000000e4a80000,0x00000000e54fad38,0x00000000e5500000)
  to   space 10752K, 0% used [0x00000000e4000000,0x00000000e4000000,0x00000000e4a80000)
 ParOldGen       total 175104K, used 24K [0x00000000a0000000, 0x00000000aab00000, 0x00000000e0000000)
  object space 175104K, 0% used [0x00000000a0000000,0x00000000a0006000,0x00000000aab00000)
 Metaspace       used 18610K, capacity 19072K, committed 19328K, reserved 1064960K
  class space    used 2687K, capacity 2820K, committed 2944K, reserved 1048576K

Card table byte_map: [0x0000000011d50000,0x0000000012060000] byte_map_base: 0x0000000011850000

Marking Bits: (ParMarkBitMap*) 0x000000005ef05aa0
 Begin Bits: [0x0000000012a60000, 0x0000000014260000)
 End Bits:   [0x0000000014260000, 0x0000000015a60000)

Polling page: 0x0000000000dc0000

CodeCache: size=245760Kb used=5433Kb max_used=5433Kb free=240326Kb
 bounds [0x0000000002990000, 0x0000000002ef0000, 0x0000000011990000]
 total_blobs=1987 nmethods=1599 adapters=301
 compilation: enabled

Compilation events (10 events):
Event: 2.739 Thread 0x000000001865e000 1586       1       org.codehaus.groovy.util.ReferenceBundle::getType (5 bytes)
Event: 2.739 Thread 0x000000001865e000 nmethod 1586 0x0000000002ed9190 code [0x0000000002ed92e0, 0x0000000002ed93f0]
Event: 2.739 Thread 0x000000001865e000 1587       1       org.codehaus.groovy.util.ReferenceBundle::getManager (5 bytes)
Event: 2.739 Thread 0x000000001865e000 nmethod 1587 0x0000000002ed8ed0 code [0x0000000002ed9020, 0x0000000002ed9130]
Event: 2.742 Thread 0x000000001865e000 1590       3       java.lang.reflect.Method::isBridge (16 bytes)
Event: 2.742 Thread 0x000000001865e000 nmethod 1590 0x0000000002ed8ad0 code [0x0000000002ed8c20, 0x0000000002ed8e70]
Event: 2.742 Thread 0x000000001865e000 1591       3       org.codehaus.groovy.reflection.CachedMethod::getName (8 bytes)
Event: 2.742 Thread 0x000000001865e000 nmethod 1591 0x0000000002ed86d0 code [0x0000000002ed8820, 0x0000000002ed8a10]
Event: 2.743 Thread 0x000000001865e000 1592       3       org.codehaus.groovy.util.LazyReference::<init> (17 bytes)
Event: 2.743 Thread 0x000000001865e000 nmethod 1592 0x0000000002ed8110 code [0x0000000002ed8280, 0x0000000002ed8570]

GC Heap History (4 events):
Event: 1.893 GC heap before
{Heap before GC invocations=1 (full 0):
 PSYoungGen      total 76288K, used 65536K [0x00000000e0000000, 0x00000000e5500000, 0x0000000100000000)
  eden space 65536K, 100% used [0x00000000e0000000,0x00000000e4000000,0x00000000e4000000)
  from space 10752K, 0% used [0x00000000e4a80000,0x00000000e4a80000,0x00000000e5500000)
  to   space 10752K, 0% used [0x00000000e4000000,0x00000000e4000000,0x00000000e4a80000)
 ParOldGen       total 175104K, used 0K [0x00000000a0000000, 0x00000000aab00000, 0x00000000e0000000)
  object space 175104K, 0% used [0x00000000a0000000,0x00000000a0000000,0x00000000aab00000)
 Metaspace       used 10414K, capacity 10636K, committed 10752K, reserved 1058816K
  class space    used 1363K, capacity 1458K, committed 1536K, reserved 1048576K
Event: 1.899 GC heap after
Heap after GC invocations=1 (full 0):
 PSYoungGen      total 76288K, used 7643K [0x00000000e0000000, 0x00000000e5500000, 0x0000000100000000)
  eden space 65536K, 0% used [0x00000000e0000000,0x00000000e0000000,0x00000000e4000000)
  from space 10752K, 71% used [0x00000000e4000000,0x00000000e4776f30,0x00000000e4a80000)
  to   space 10752K, 0% used [0x00000000e4a80000,0x00000000e4a80000,0x00000000e5500000)
 ParOldGen       total 175104K, used 16K [0x00000000a0000000, 0x00000000aab00000, 0x00000000e0000000)
  object space 175104K, 0% used [0x00000000a0000000,0x00000000a0004000,0x00000000aab00000)
 Metaspace       used 10414K, capacity 10636K, committed 10752K, reserved 1058816K
  class space    used 1363K, capacity 1458K, committed 1536K, reserved 1048576K
}
Event: 2.528 GC heap before
{Heap before GC invocations=2 (full 0):
 PSYoungGen      total 76288K, used 73179K [0x00000000e0000000, 0x00000000e5500000, 0x0000000100000000)
  eden space 65536K, 100% used [0x00000000e0000000,0x00000000e4000000,0x00000000e4000000)
  from space 10752K, 71% used [0x00000000e4000000,0x00000000e4776f30,0x00000000e4a80000)
  to   space 10752K, 0% used [0x00000000e4a80000,0x00000000e4a80000,0x00000000e5500000)
 ParOldGen       total 175104K, used 16K [0x00000000a0000000, 0x00000000aab00000, 0x00000000e0000000)
  object space 175104K, 0% used [0x00000000a0000000,0x00000000a0004000,0x00000000aab00000)
 Metaspace       used 16839K, capacity 17304K, committed 17536K, reserved 1064960K
  class space    used 2431K, capacity 2580K, committed 2688K, reserved 1048576K
Event: 2.539 GC heap after
Heap after GC invocations=2 (full 0):
 PSYoungGen      total 76288K, used 10731K [0x00000000e0000000, 0x00000000e5500000, 0x0000000100000000)
  eden space 65536K, 0% used [0x00000000e0000000,0x00000000e0000000,0x00000000e4000000)
  from space 10752K, 99% used [0x00000000e4a80000,0x00000000e54fad38,0x00000000e5500000)
  to   space 10752K, 0% used [0x00000000e4000000,0x00000000e4000000,0x00000000e4a80000)
 ParOldGen       total 175104K, used 24K [0x00000000a0000000, 0x00000000aab00000, 0x00000000e0000000)
  object space 175104K, 0% used [0x00000000a0000000,0x00000000a0006000,0x00000000aab00000)
 Metaspace       used 16839K, capacity 17304K, committed 17536K, reserved 1064960K
  class space    used 2431K, capacity 2580K, committed 2688K, reserved 1048576K
}

Deoptimization events (10 events):
Event: 2.207 Thread 0x000000001a74d000 Uncommon trap: reason=class_check action=maybe_recompile pc=0x0000000002bf9d9c method=java.util.regex.Matcher.match(II)Z @ 86
Event: 2.247 Thread 0x000000001a74d000 Uncommon trap: reason=unstable_if action=reinterpret pc=0x0000000002df9ff4 method=java.lang.String.lastIndexOf([CII[CIII)I @ 66
Event: 2.464 Thread 0x000000001a74d000 Uncommon trap: reason=unstable_if action=reinterpret pc=0x0000000002ae2248 method=java.net.URI.match(CJJ)Z @ 19
Event: 2.465 Thread 0x000000001a74d000 Uncommon trap: reason=unstable_if action=reinterpret pc=0x0000000002c280c0 method=java.net.URI.match(CJJ)Z @ 19
Event: 2.465 Thread 0x000000001a74d000 Uncommon trap: reason=unstable_if action=reinterpret pc=0x0000000002aead88 method=java.net.URI.match(CJJ)Z @ 19
Event: 2.506 Thread 0x000000001a74d000 Uncommon trap: reason=unstable_if action=reinterpret pc=0x0000000002c2cd98 method=java.io.File.getName()Ljava/lang/String; @ 16
Event: 2.581 Thread 0x000000001a74d000 Uncommon trap: reason=bimorphic action=maybe_recompile pc=0x0000000002e0aaa0 method=java.lang.ClassLoader.loadClass(Ljava/lang/String;Z)Ljava/lang/Class; @ 38
Event: 2.585 Thread 0x000000001a74d000 Uncommon trap: reason=bimorphic action=maybe_recompile pc=0x0000000002e0aaa0 method=java.lang.ClassLoader.loadClass(Ljava/lang/String;Z)Ljava/lang/Class; @ 38
Event: 2.585 Thread 0x000000001a74d000 Uncommon trap: reason=bimorphic action=maybe_recompile pc=0x0000000002e0aaa0 method=java.lang.ClassLoader.loadClass(Ljava/lang/String;Z)Ljava/lang/Class; @ 38
Event: 2.586 Thread 0x000000001a74d000 Uncommon trap: reason=bimorphic action=maybe_recompile pc=0x0000000002e0aaa0 method=java.lang.ClassLoader.loadClass(Ljava/lang/String;Z)Ljava/lang/Class; @ 38

Classes redefined (0 events):
No events

Internal exceptions (10 events):
Event: 2.520 Thread 0x000000001a74d000 Exception <a 'java/lang/NoSuchMethodError': <clinit>> (0x00000000e3f62c70) thrown at [D:\src\AOSP-openjdk-cygwin\jdk8u\hotspot\src\share\vm\prims\jni.cpp, line 1613]
Event: 2.521 Thread 0x000000001a74d000 Exception <a 'java/lang/NoSuchMethodError': <clinit>> (0x00000000e3f70260) thrown at [D:\src\AOSP-openjdk-cygwin\jdk8u\hotspot\src\share\vm\prims\jni.cpp, line 1613]
Event: 2.521 Thread 0x000000001a74d000 Exception <a 'java/lang/NoSuchMethodError': <clinit>> (0x00000000e3f7b9e0) thrown at [D:\src\AOSP-openjdk-cygwin\jdk8u\hotspot\src\share\vm\prims\jni.cpp, line 1613]
Event: 2.589 Thread 0x000000001a74d000 Exception <a 'java/lang/NoSuchMethodError': <clinit>> (0x00000000e043c0d0) thrown at [D:\src\AOSP-openjdk-cygwin\jdk8u\hotspot\src\share\vm\prims\jni.cpp, line 1613]
Event: 2.606 Thread 0x000000001a74d000 Exception <a 'java/lang/NoSuchMethodError': <clinit>> (0x00000000e048d7c8) thrown at [D:\src\AOSP-openjdk-cygwin\jdk8u\hotspot\src\share\vm\prims\jni.cpp, line 1613]
Event: 2.607 Thread 0x000000001a74d000 Exception <a 'java/lang/NoSuchMethodError': <clinit>> (0x00000000e049b228) thrown at [D:\src\AOSP-openjdk-cygwin\jdk8u\hotspot\src\share\vm\prims\jni.cpp, line 1613]
Event: 2.619 Thread 0x000000001a74d000 Exception <a 'java/lang/NoSuchMethodError': <clinit>> (0x00000000e05931c8) thrown at [D:\src\AOSP-openjdk-cygwin\jdk8u\hotspot\src\share\vm\prims\jni.cpp, line 1613]
Event: 2.619 Thread 0x000000001a74d000 Exception <a 'java/lang/NoSuchMethodError': <clinit>> (0x00000000e0596fd0) thrown at [D:\src\AOSP-openjdk-cygwin\jdk8u\hotspot\src\share\vm\prims\jni.cpp, line 1613]
Event: 2.619 Thread 0x000000001a74d000 Exception <a 'java/lang/NoSuchMethodError': <clinit>> (0x00000000e0598ad8) thrown at [D:\src\AOSP-openjdk-cygwin\jdk8u\hotspot\src\share\vm\prims\jni.cpp, line 1613]
Event: 2.619 Thread 0x000000001a74d000 Exception <a 'java/lang/NoSuchMethodError': <clinit>> (0x00000000e059a2a8) thrown at [D:\src\AOSP-openjdk-cygwin\jdk8u\hotspot\src\share\vm\prims\jni.cpp, line 1613]

Events (10 events):
Event: 2.740 loading class groovy/lang/Closure$WritableClosure
Event: 2.740 loading class groovy/lang/Closure$WritableClosure done
Event: 2.740 loading class groovy/lang/TrampolineClosure
Event: 2.740 loading class groovy/lang/TrampolineClosure done
Event: 2.740 loading class org/codehaus/groovy/runtime/CurriedClosure
Event: 2.740 loading class org/codehaus/groovy/runtime/CurriedClosure done
Event: 2.741 loading class org/codehaus/groovy/reflection/CachedMethod$MyComparator
Event: 2.741 loading class org/codehaus/groovy/reflection/CachedMethod$MyComparator done
Event: 2.743 loading class org/codehaus/groovy/reflection/CachedClass$CachedMethodComparatorByName
Event: 2.743 loading class org/codehaus/groovy/reflection/CachedClass$CachedMethodComparatorByName done


Dynamic libraries:
0x00007ff67c650000 - 0x00007ff67c681000 	D:\Programas\Android\Android Studio\jre\bin\java.exe
0x00007fffcc8e0000 - 0x00007fffccac1000 	C:\WINDOWS\SYSTEM32\ntdll.dll
0x00007fffaaa60000 - 0x00007fffaaa74000 	D:\Programas\Avast\aswhook.dll
0x00007fffcc680000 - 0x00007fffcc732000 	C:\WINDOWS\System32\KERNEL32.DLL
0x00007fffc9800000 - 0x00007fffc9a73000 	C:\WINDOWS\System32\KERNELBASE.dll
0x00007fffca140000 - 0x00007fffca1e1000 	C:\WINDOWS\System32\ADVAPI32.dll
0x00007fffcacf0000 - 0x00007fffcad8e000 	C:\WINDOWS\System32\msvcrt.dll
0x00007fffca0e0000 - 0x00007fffca13b000 	C:\WINDOWS\System32\sechost.dll
0x00007fffca760000 - 0x00007fffca884000 	C:\WINDOWS\System32\RPCRT4.dll
0x00007fffc9f50000 - 0x00007fffca0e0000 	C:\WINDOWS\System32\USER32.dll
0x00007fffc9c50000 - 0x00007fffc9c70000 	C:\WINDOWS\System32\win32u.dll
0x00007fffca2f0000 - 0x00007fffca318000 	C:\WINDOWS\System32\GDI32.dll
0x00007fffc8d00000 - 0x00007fffc8e92000 	C:\WINDOWS\System32\gdi32full.dll
0x00007fffc9b30000 - 0x00007fffc9bcf000 	C:\WINDOWS\System32\msvcp_win.dll
0x00007fffc9c70000 - 0x00007fffc9d6a000 	C:\WINDOWS\System32\ucrtbase.dll
0x00007fffbd110000 - 0x00007fffbd379000 	C:\WINDOWS\WinSxS\amd64_microsoft.windows.common-controls_6595b64144ccf1df_6.0.17134.523_none_fb409dd930672a56\COMCTL32.dll
0x00007fffcad90000 - 0x00007fffcb0b2000 	C:\WINDOWS\System32\combase.dll
0x00007fffc9bd0000 - 0x00007fffc9c4a000 	C:\WINDOWS\System32\bcryptPrimitives.dll
0x00007fffcb0c0000 - 0x00007fffcb0ed000 	C:\WINDOWS\System32\IMM32.DLL
0x000000005d9a0000 - 0x000000005da72000 	D:\Programas\Android\Android Studio\jre\jre\bin\msvcr100.dll
0x000000005e740000 - 0x000000005ef81000 	D:\Programas\Android\Android Studio\jre\jre\bin\server\jvm.dll
0x00007fffca4c0000 - 0x00007fffca4c8000 	C:\WINDOWS\System32\PSAPI.DLL
0x00007fffba4e0000 - 0x00007fffba4e9000 	C:\WINDOWS\SYSTEM32\WSOCK32.dll
0x00007fffcc840000 - 0x00007fffcc8ac000 	C:\WINDOWS\System32\WS2_32.dll
0x00007fffc5a70000 - 0x00007fffc5a93000 	C:\WINDOWS\SYSTEM32\WINMM.dll
0x00007fffc4c80000 - 0x00007fffc4c8a000 	C:\WINDOWS\SYSTEM32\VERSION.dll
0x00007fffc5a40000 - 0x00007fffc5a6a000 	C:\WINDOWS\SYSTEM32\WINMMBASE.dll
0x00007fffc8cb0000 - 0x00007fffc8cf9000 	C:\WINDOWS\System32\cfgmgr32.dll
0x00007fffbca20000 - 0x00007fffbca2f000 	D:\Programas\Android\Android Studio\jre\jre\bin\verify.dll
0x00007fffab600000 - 0x00007fffab629000 	D:\Programas\Android\Android Studio\jre\jre\bin\java.dll
0x00007fffb9ef0000 - 0x00007fffb9f06000 	D:\Programas\Android\Android Studio\jre\jre\bin\zip.dll
0x00007fffcb1e0000 - 0x00007fffcc620000 	C:\WINDOWS\System32\SHELL32.dll
0x00007fffca650000 - 0x00007fffca6f9000 	C:\WINDOWS\System32\shcore.dll
0x00007fffc90f0000 - 0x00007fffc97fd000 	C:\WINDOWS\System32\windows.storage.dll
0x00007fffcc7e0000 - 0x00007fffcc831000 	C:\WINDOWS\System32\shlwapi.dll
0x00007fffc8c70000 - 0x00007fffc8c81000 	C:\WINDOWS\System32\kernel.appcore.dll
0x00007fffc8c90000 - 0x00007fffc8caf000 	C:\WINDOWS\System32\profapi.dll
0x00007fffc8c20000 - 0x00007fffc8c6c000 	C:\WINDOWS\System32\powrprof.dll
0x00007fffc8c10000 - 0x00007fffc8c1a000 	C:\WINDOWS\System32\FLTLIB.DLL
0x00007fffab5e0000 - 0x00007fffab5fa000 	D:\Programas\Android\Android Studio\jre\jre\bin\net.dll
0x00007fffc8470000 - 0x00007fffc84d6000 	C:\WINDOWS\system32\mswsock.dll
0x00007fffab5c0000 - 0x00007fffab5d1000 	D:\Programas\Android\Android Studio\jre\jre\bin\nio.dll
0x00007fffa8f80000 - 0x00007fffa8f9e000 	C:\Users\Serban\.gradle\native\25\windows-amd64\native-platform.dll
0x00007fffab5b0000 - 0x00007fffab5bd000 	D:\Programas\Android\Android Studio\jre\jre\bin\management.dll
0x00007fffc8620000 - 0x00007fffc8637000 	C:\WINDOWS\SYSTEM32\CRYPTSP.dll
0x00007fffc8050000 - 0x00007fffc8083000 	C:\WINDOWS\system32\rsaenh.dll
0x00007fffc8750000 - 0x00007fffc8775000 	C:\WINDOWS\SYSTEM32\bcrypt.dll
0x00007fffc8af0000 - 0x00007fffc8b18000 	C:\WINDOWS\SYSTEM32\USERENV.dll
0x00007fffc8640000 - 0x00007fffc864b000 	C:\WINDOWS\SYSTEM32\CRYPTBASE.dll
0x00007fffc81f0000 - 0x00007fffc8228000 	C:\WINDOWS\SYSTEM32\IPHLPAPI.DLL
0x00007fffca890000 - 0x00007fffca898000 	C:\WINDOWS\System32\NSI.dll
0x00007fffc4de0000 - 0x00007fffc4df6000 	C:\WINDOWS\SYSTEM32\dhcpcsvc6.DLL
0x00007fffc4dc0000 - 0x00007fffc4dda000 	C:\WINDOWS\SYSTEM32\dhcpcsvc.DLL

VM Arguments:
jvm_args: -Xmx1536m -Dfile.encoding=windows-1252 -Duser.country=MX -Duser.language=es -Duser.variant 
java_command: org.gradle.launcher.daemon.bootstrap.GradleDaemon 4.6
java_class_path (initial): C:\Users\Serban\.gradle\wrapper\dists\gradle-4.6-all\bcst21l2brirad8k2ben1letg\gradle-4.6\lib\gradle-launcher-4.6.jar
Launcher Type: SUN_STANDARD

Environment Variables:
JAVA_HOME=C:\Program Files\Java\jdk1.8.0_171
CLASSPATH=.
USERNAME=Serban
OS=Windows_NT
PROCESSOR_IDENTIFIER=Intel64 Family 6 Model 158 Stepping 9, GenuineIntel



---------------  S Y S T E M  ---------------

OS: Windows 10.0 , 64 bit Build 17134 (10.0.17134.1)

CPU:total 8 (initial active 8) (4 cores per cpu, 2 threads per core) family 6 model 158 stepping 9, cmov, cx8, fxsr, mmx, sse, sse2, sse3, ssse3, sse4.1, sse4.2, popcnt, avx, avx2, aes, clmul, erms, 3dnowpref, lzcnt, ht, tsc, tscinvbit, bmi1, bmi2, adx

Memory: 4k page, physical 16658020k(2394352k free), swap 16658020k(6936k free)

vm_info: OpenJDK 64-Bit Server VM (25.152-b06) for windows-amd64 JRE (1.8.0_152-release-1136-b06), built by "builder" with MS VC++ 10.0 (VS2010)

time: Thu Oct 24 18:30:41 2019
elapsed time: 2 seconds (0d 0h 0m 2s)

