#
# There is insufficient memory for the Java Runtime Environment to continue.
# Native memory allocation (malloc) failed to allocate 262160 bytes for Chunk::new
# Possible reasons:
#   The system is out of physical RAM or swap space
#   In 32 bit mode, the process size limit was hit
# Possible solutions:
#   Reduce memory load on the system
#   Increase physical memory or swap space
#   Check if swap backing store is full
#   Use 64 bit Java on a 64 bit OS
#   Decrease Java heap size (-Xmx/-Xms)
#   Decrease number of Java threads
#   Decrease Java thread stack sizes (-Xss)
#   Set larger code cache with -XX:ReservedCodeCacheSize=
# This output file may be truncated or incomplete.
#
#  Out of Memory Error (allocation.cpp:390), pid=14768, tid=0x0000000000003fdc
#
# JRE version: OpenJDK Runtime Environment (8.0_152-b06) (build 1.8.0_152-release-1136-b06)
# Java VM: OpenJDK 64-Bit Server VM (25.152-b06 mixed mode windows-amd64 compressed oops)
# Failed to write core dump. Minidumps are not enabled by default on client versions of Windows
#

---------------  T H R E A D  ---------------

Current thread (0x0000000018194000):  JavaThread "C2 CompilerThread2" daemon [_thread_in_native, id=16348, stack(0x0000000018b70000,0x0000000018c70000)]

Stack: [0x0000000018b70000,0x0000000018c70000]
[error occurred during error reporting (printing stack bounds), id 0xc0000005]

Native frames: (J=compiled Java code, j=interpreted, Vv=VM code, C=native code)


Current CompileTask:
C2:   6068 4071   !   4       com.sun.beans.TypeResolver::resolve (274 bytes)


---------------  P R O C E S S  ---------------

Java Threads: ( => current thread )
  0x00000000200b7000 JavaThread "Memory manager" [_thread_blocked, id=1116, stack(0x0000000022ca0000,0x0000000022da0000)]
  0x00000000200b6800 JavaThread "pool-1-thread-1" [_thread_blocked, id=16524, stack(0x00000000226e0000,0x00000000227e0000)]
  0x00000000200b4000 JavaThread "Build operations Thread 8" [_thread_blocked, id=9860, stack(0x00000000223e0000,0x00000000224e0000)]
  0x00000000200ba000 JavaThread "Build operations Thread 7" [_thread_blocked, id=3308, stack(0x00000000222e0000,0x00000000223e0000)]
  0x00000000200bb000 JavaThread "Build operations Thread 6" [_thread_blocked, id=16120, stack(0x00000000221e0000,0x00000000222e0000)]
  0x00000000200b9800 JavaThread "Build operations Thread 5" [_thread_blocked, id=8872, stack(0x00000000220e0000,0x00000000221e0000)]
  0x00000000181a5000 JavaThread "Build operations Thread 4" [_thread_blocked, id=14548, stack(0x0000000021da0000,0x0000000021ea0000)]
  0x00000000181a4000 JavaThread "Build operations Thread 3" [_thread_blocked, id=9728, stack(0x0000000021ca0000,0x0000000021da0000)]
  0x00000000181a3800 JavaThread "Build operations Thread 2" [_thread_blocked, id=17324, stack(0x0000000020920000,0x0000000020a20000)]
  0x00000000181a9800 JavaThread "Build operations" [_thread_blocked, id=16592, stack(0x0000000020820000,0x0000000020920000)]
  0x00000000181aa000 JavaThread "Cache worker for Artifact transforms cache (C:\Users\Serban\.gradle\caches\transforms-1)" [_thread_blocked, id=17032, stack(0x0000000020520000,0x0000000020620000)]
  0x000000001bf83800 JavaThread "Cache worker for file hash cache (D:\Documentos\JCMF\personal\CurAndr\InterfazUsuarioYControlesApp\.gradle\4.6\fileHashes)" [_thread_blocked, id=17388, stack(0x000000001ccb0000,0x000000001cdb0000)]
  0x000000001a067000 JavaThread "File lock request listener" [_thread_in_native, id=5508, stack(0x000000001bbe0000,0x000000001bce0000)]
  0x000000001a066000 JavaThread "Cache worker for file hash cache (C:\Users\Serban\.gradle\caches\4.6\fileHashes)" [_thread_blocked, id=15100, stack(0x000000001bae0000,0x000000001bbe0000)]
  0x000000001a3c6800 JavaThread "Stdin handler" [_thread_blocked, id=3400, stack(0x000000001b7e0000,0x000000001b8e0000)]
  0x000000001a381800 JavaThread "Asynchronous log dispatcher for DefaultDaemonConnection: socket connection from /127.0.0.1:58305 to /127.0.0.1:58306" [_thread_blocked, id=15684, stack(0x000000001b5e0000,0x000000001b6e0000)]
  0x000000001a3c5800 JavaThread "Daemon worker" [_thread_in_native, id=3980, stack(0x000000001b4e0000,0x000000001b5e0000)]
  0x000000001a3c3000 JavaThread "Cancel handler" [_thread_blocked, id=13964, stack(0x000000001b3e0000,0x000000001b4e0000)]
  0x000000001a36c000 JavaThread "Handler for socket connection from /127.0.0.1:58305 to /127.0.0.1:58306" [_thread_in_native, id=7684, stack(0x000000001b0e0000,0x000000001b1e0000)]
  0x000000001a36b000 JavaThread "Daemon" [_thread_blocked, id=14704, stack(0x000000001afe0000,0x000000001b0e0000)]
  0x000000001a1f8800 JavaThread "Daemon periodic checks" [_thread_blocked, id=16396, stack(0x000000001aee0000,0x000000001afe0000)]
  0x000000001a1e8000 JavaThread "Incoming local TCP Connector on port 58305" [_thread_in_native, id=4076, stack(0x000000001ac80000,0x000000001ad80000)]
  0x00000000181ee000 JavaThread "Service Thread" daemon [_thread_blocked, id=15500, stack(0x0000000018d70000,0x0000000018e70000)]
  0x00000000181a7000 JavaThread "C1 CompilerThread3" daemon [_thread_blocked, id=9336, stack(0x0000000018c70000,0x0000000018d70000)]
=>0x0000000018194000 JavaThread "C2 CompilerThread2" daemon [_thread_in_native, id=16348, stack(0x0000000018b70000,0x0000000018c70000)]
  0x000000001818f000 JavaThread "C2 CompilerThread1" daemon [_thread_in_native, id=8500, stack(0x0000000018a70000,0x0000000018b70000)]
  0x000000001818b000 JavaThread "C2 CompilerThread0" daemon [_thread_blocked, id=1016, stack(0x0000000018970000,0x0000000018a70000)]
  0x000000001818a000 JavaThread "Attach Listener" daemon [_thread_blocked, id=11156, stack(0x0000000018870000,0x0000000018970000)]
  0x0000000018189000 JavaThread "Signal Dispatcher" daemon [_thread_blocked, id=14220, stack(0x0000000018770000,0x0000000018870000)]
  0x0000000018180800 JavaThread "Finalizer" daemon [_thread_blocked, id=9764, stack(0x0000000018560000,0x0000000018660000)]
  0x000000001627b800 JavaThread "Reference Handler" daemon [_thread_blocked, id=17144, stack(0x0000000018060000,0x0000000018160000)]
  0x00000000023c2800 JavaThread "main" [_thread_blocked, id=12008, stack(0x00000000022c0000,0x00000000023c0000)]

Other Threads:
  0x0000000016277000 VMThread [stack: 0x0000000017f60000,0x0000000018060000] [id=2768]
  0x00000000181ee800 WatcherThread [stack: 0x0000000018e70000,0x0000000018f70000] [id=6876]

VM state:not at safepoint (normal execution)

VM Mutex/Monitor currently owned by a thread: None

Heap:
 PSYoungGen      total 138752K, used 125118K [0x00000000e0000000, 0x00000000ea600000, 0x0000000100000000)
  eden space 128000K, 97% used [0x00000000e0000000,0x00000000e7a2fa98,0x00000000e7d00000)
  from space 10752K, 0% used [0x00000000e7d00000,0x00000000e7d00000,0x00000000e8780000)
  to   space 13824K, 0% used [0x00000000e9880000,0x00000000e9880000,0x00000000ea600000)
 ParOldGen       total 180736K, used 19038K [0x00000000a0000000, 0x00000000ab080000, 0x00000000e0000000)
  object space 180736K, 10% used [0x00000000a0000000,0x00000000a1297958,0x00000000ab080000)
 Metaspace       used 42693K, capacity 43544K, committed 43904K, reserved 1087488K
  class space    used 5770K, capacity 6007K, committed 6016K, reserved 1048576K

Card table byte_map: [0x0000000011880000,0x0000000011b90000] byte_map_base: 0x0000000011380000

Marking Bits: (ParMarkBitMap*) 0x000000005ef05aa0
 Begin Bits: [0x0000000012590000, 0x0000000013d90000)
 End Bits:   [0x0000000013d90000, 0x0000000015590000)

Polling page: 0x0000000000810000

CodeCache: size=245760Kb used=14425Kb max_used=14425Kb free=231334Kb
 bounds [0x00000000024c0000, 0x00000000032e0000, 0x00000000114c0000]
 total_blobs=4772 nmethods=4035 adapters=649
 compilation: enabled

Compilation events (10 events):
Event: 5.892 Thread 0x00000000181a7000 nmethod 4081 0x00000000032c2fd0 code [0x00000000032c3140, 0x00000000032c3398]
Event: 5.892 Thread 0x000000001818b000 nmethod 4080 0x00000000032c5d50 code [0x00000000032c5ea0, 0x00000000032c5f58]
Event: 5.899 Thread 0x000000001818b000 4082       4       java.util.regex.Pattern$CharProperty::match (56 bytes)
Event: 5.902 Thread 0x000000001818b000 nmethod 4082 0x00000000032c27d0 code [0x00000000032c2940, 0x00000000032c2bd8]
Event: 5.902 Thread 0x000000001818b000 4083       4       java.lang.ClassNotFoundException::<init> (7 bytes)
Event: 5.904 Thread 0x000000001818b000 nmethod 4083 0x00000000032c2150 code [0x00000000032c22a0, 0x00000000032c2608]
Event: 5.944 Thread 0x00000000181a7000 4084       3       java.lang.invoke.MemberName::checkForTypeAlias (168 bytes)
Event: 5.946 Thread 0x00000000181a7000 nmethod 4084 0x00000000032d06d0 code [0x00000000032d0ac0, 0x00000000032d3158]
Event: 5.989 Thread 0x00000000181a7000 4085       3       java.lang.invoke.MethodHandles$Lookup::checkAccess (250 bytes)
Event: 5.990 Thread 0x00000000181a7000 nmethod 4085 0x00000000032ddbd0 code [0x00000000032dde80, 0x00000000032df708]

GC Heap History (10 events):
Event: 2.825 GC heap before
{Heap before GC invocations=3 (full 0):
 PSYoungGen      total 76288K, used 33621K [0x00000000e0000000, 0x00000000e5500000, 0x0000000100000000)
  eden space 65536K, 34% used [0x00000000e0000000,0x00000000e1657220,0x00000000e4000000)
  from space 10752K, 99% used [0x00000000e4a80000,0x00000000e54fe310,0x00000000e5500000)
  to   space 10752K, 0% used [0x00000000e4000000,0x00000000e4000000,0x00000000e4a80000)
 ParOldGen       total 175104K, used 44K [0x00000000a0000000, 0x00000000aab00000, 0x00000000e0000000)
  object space 175104K, 0% used [0x00000000a0000000,0x00000000a000b3e0,0x00000000aab00000)
 Metaspace       used 20675K, capacity 21160K, committed 21248K, reserved 1067008K
  class space    used 2886K, capacity 3044K, committed 3072K, reserved 1048576K
Event: 2.831 GC heap after
Heap after GC invocations=3 (full 0):
 PSYoungGen      total 76288K, used 8673K [0x00000000e0000000, 0x00000000e9500000, 0x0000000100000000)
  eden space 65536K, 0% used [0x00000000e0000000,0x00000000e0000000,0x00000000e4000000)
  from space 10752K, 80% used [0x00000000e4000000,0x00000000e48787c8,0x00000000e4a80000)
  to   space 10752K, 0% used [0x00000000e8a80000,0x00000000e8a80000,0x00000000e9500000)
 ParOldGen       total 175104K, used 52K [0x00000000a0000000, 0x00000000aab00000, 0x00000000e0000000)
  object space 175104K, 0% used [0x00000000a0000000,0x00000000a000d3e0,0x00000000aab00000)
 Metaspace       used 20675K, capacity 21160K, committed 21248K, reserved 1067008K
  class space    used 2886K, capacity 3044K, committed 3072K, reserved 1048576K
}
Event: 2.831 GC heap before
{Heap before GC invocations=4 (full 1):
 PSYoungGen      total 76288K, used 8673K [0x00000000e0000000, 0x00000000e9500000, 0x0000000100000000)
  eden space 65536K, 0% used [0x00000000e0000000,0x00000000e0000000,0x00000000e4000000)
  from space 10752K, 80% used [0x00000000e4000000,0x00000000e48787c8,0x00000000e4a80000)
  to   space 10752K, 0% used [0x00000000e8a80000,0x00000000e8a80000,0x00000000e9500000)
 ParOldGen       total 175104K, used 52K [0x00000000a0000000, 0x00000000aab00000, 0x00000000e0000000)
  object space 175104K, 0% used [0x00000000a0000000,0x00000000a000d3e0,0x00000000aab00000)
 Metaspace       used 20675K, capacity 21160K, committed 21248K, reserved 1067008K
  class space    used 2886K, capacity 3044K, committed 3072K, reserved 1048576K
Event: 2.864 GC heap after
Heap after GC invocations=4 (full 1):
 PSYoungGen      total 76288K, used 0K [0x00000000e0000000, 0x00000000e9500000, 0x0000000100000000)
  eden space 65536K, 0% used [0x00000000e0000000,0x00000000e0000000,0x00000000e4000000)
  from space 10752K, 0% used [0x00000000e4000000,0x00000000e4000000,0x00000000e4a80000)
  to   space 10752K, 0% used [0x00000000e8a80000,0x00000000e8a80000,0x00000000e9500000)
 ParOldGen       total 108032K, used 8426K [0x00000000a0000000, 0x00000000a6980000, 0x00000000e0000000)
  object space 108032K, 7% used [0x00000000a0000000,0x00000000a083aba0,0x00000000a6980000)
 Metaspace       used 20675K, capacity 21160K, committed 21248K, reserved 1067008K
  class space    used 2886K, capacity 3044K, committed 3072K, reserved 1048576K
}
Event: 3.562 GC heap before
{Heap before GC invocations=5 (full 1):
 PSYoungGen      total 76288K, used 65536K [0x00000000e0000000, 0x00000000e9500000, 0x0000000100000000)
  eden space 65536K, 100% used [0x00000000e0000000,0x00000000e4000000,0x00000000e4000000)
  from space 10752K, 0% used [0x00000000e4000000,0x00000000e4000000,0x00000000e4a80000)
  to   space 10752K, 0% used [0x00000000e8a80000,0x00000000e8a80000,0x00000000e9500000)
 ParOldGen       total 108032K, used 8426K [0x00000000a0000000, 0x00000000a6980000, 0x00000000e0000000)
  object space 108032K, 7% used [0x00000000a0000000,0x00000000a083aba0,0x00000000a6980000)
 Metaspace       used 26776K, capacity 27298K, committed 27648K, reserved 1073152K
  class space    used 3655K, capacity 3801K, committed 3840K, reserved 1048576K
Event: 3.568 GC heap after
Heap after GC invocations=5 (full 1):
 PSYoungGen      total 104448K, used 7348K [0x00000000e0000000, 0x00000000e9200000, 0x0000000100000000)
  eden space 96768K, 0% used [0x00000000e0000000,0x00000000e0000000,0x00000000e5e80000)
  from space 7680K, 95% used [0x00000000e8a80000,0x00000000e91ad3f8,0x00000000e9200000)
  to   space 10752K, 0% used [0x00000000e7d00000,0x00000000e7d00000,0x00000000e8780000)
 ParOldGen       total 108032K, used 8434K [0x00000000a0000000, 0x00000000a6980000, 0x00000000e0000000)
  object space 108032K, 7% used [0x00000000a0000000,0x00000000a083cba0,0x00000000a6980000)
 Metaspace       used 26776K, capacity 27298K, committed 27648K, reserved 1073152K
  class space    used 3655K, capacity 3801K, committed 3840K, reserved 1048576K
}
Event: 4.639 GC heap before
{Heap before GC invocations=6 (full 1):
 PSYoungGen      total 104448K, used 102872K [0x00000000e0000000, 0x00000000e9200000, 0x0000000100000000)
  eden space 96768K, 98% used [0x00000000e0000000,0x00000000e5d48f40,0x00000000e5e80000)
  from space 7680K, 95% used [0x00000000e8a80000,0x00000000e91ad3f8,0x00000000e9200000)
  to   space 10752K, 0% used [0x00000000e7d00000,0x00000000e7d00000,0x00000000e8780000)
 ParOldGen       total 108032K, used 8434K [0x00000000a0000000, 0x00000000a6980000, 0x00000000e0000000)
  object space 108032K, 7% used [0x00000000a0000000,0x00000000a083cba0,0x00000000a6980000)
 Metaspace       used 34585K, capacity 35214K, committed 35416K, reserved 1079296K
  class space    used 4789K, capacity 4993K, committed 5120K, reserved 1048576K
Event: 4.649 GC heap after
Heap after GC invocations=6 (full 1):
 PSYoungGen      total 138752K, used 10732K [0x00000000e0000000, 0x00000000ea600000, 0x0000000100000000)
  eden space 128000K, 0% used [0x00000000e0000000,0x00000000e0000000,0x00000000e7d00000)
  from space 10752K, 99% used [0x00000000e7d00000,0x00000000e877b000,0x00000000e8780000)
  to   space 13824K, 0% used [0x00000000e9880000,0x00000000e9880000,0x00000000ea600000)
 ParOldGen       total 108032K, used 10571K [0x00000000a0000000, 0x00000000a6980000, 0x00000000e0000000)
  object space 108032K, 9% used [0x00000000a0000000,0x00000000a0a52da0,0x00000000a6980000)
 Metaspace       used 34585K, capacity 35214K, committed 35416K, reserved 1079296K
  class space    used 4789K, capacity 4993K, committed 5120K, reserved 1048576K
}
Event: 4.649 GC heap before
{Heap before GC invocations=7 (full 2):
 PSYoungGen      total 138752K, used 10732K [0x00000000e0000000, 0x00000000ea600000, 0x0000000100000000)
  eden space 128000K, 0% used [0x00000000e0000000,0x00000000e0000000,0x00000000e7d00000)
  from space 10752K, 99% used [0x00000000e7d00000,0x00000000e877b000,0x00000000e8780000)
  to   space 13824K, 0% used [0x00000000e9880000,0x00000000e9880000,0x00000000ea600000)
 ParOldGen       total 108032K, used 10571K [0x00000000a0000000, 0x00000000a6980000, 0x00000000e0000000)
  object space 108032K, 9% used [0x00000000a0000000,0x00000000a0a52da0,0x00000000a6980000)
 Metaspace       used 34585K, capacity 35214K, committed 35416K, reserved 1079296K
  class space    used 4789K, capacity 4993K, committed 5120K, reserved 1048576K
Event: 4.685 GC heap after
Heap after GC invocations=7 (full 2):
 PSYoungGen      total 138752K, used 0K [0x00000000e0000000, 0x00000000ea600000, 0x0000000100000000)
  eden space 128000K, 0% used [0x00000000e0000000,0x00000000e0000000,0x00000000e7d00000)
  from space 10752K, 0% used [0x00000000e7d00000,0x00000000e7d00000,0x00000000e8780000)
  to   space 13824K, 0% used [0x00000000e9880000,0x00000000e9880000,0x00000000ea600000)
 ParOldGen       total 180736K, used 19038K [0x00000000a0000000, 0x00000000ab080000, 0x00000000e0000000)
  object space 180736K, 10% used [0x00000000a0000000,0x00000000a1297958,0x00000000ab080000)
 Metaspace       used 34585K, capacity 35214K, committed 35416K, reserved 1079296K
  class space    used 4789K, capacity 4993K, committed 5120K, reserved 1048576K
}

Deoptimization events (10 events):
Event: 5.238 Thread 0x000000001a3c5800 Uncommon trap: reason=unstable_if action=reinterpret pc=0x0000000002f676fc method=java.util.LinkedHashMap.get(Ljava/lang/Object;)Ljava/lang/Object; @ 20
Event: 5.311 Thread 0x000000001a3c5800 Uncommon trap: reason=unstable_if action=reinterpret pc=0x0000000002d3c5cc method=org.objectweb.asm.ByteVector.putUTF8(Ljava/lang/String;)Lorg/objectweb/asm/ByteVector; @ 91
Event: 5.413 Thread 0x000000001a3c5800 Uncommon trap: reason=unstable_if action=reinterpret pc=0x0000000002c36830 method=org.objectweb.asm.ByteVector.putUTF8(Ljava/lang/String;)Lorg/objectweb/asm/ByteVector; @ 91
Event: 5.689 Thread 0x000000001a3c5800 Uncommon trap: reason=unstable_if action=reinterpret pc=0x0000000002f0aa50 method=org.codehaus.groovy.reflection.CachedMethod.compareToMethod(Ljava/lang/reflect/Method;)I @ 111
Event: 5.783 Thread 0x000000001a3c5800 Uncommon trap: reason=class_check action=maybe_recompile pc=0x0000000002d63a0c method=org.codehaus.groovy.runtime.metaclass.MetaMethodIndex.addMethodToList(Ljava/lang/Object;Lgroovy/lang/MetaMethod;)Ljava/lang/Object; @ 220
Event: 5.783 Thread 0x000000001a3c5800 Uncommon trap: reason=class_check action=maybe_recompile pc=0x0000000002d63a0c method=org.codehaus.groovy.runtime.metaclass.MetaMethodIndex.addMethodToList(Ljava/lang/Object;Lgroovy/lang/MetaMethod;)Ljava/lang/Object; @ 220
Event: 5.834 Thread 0x000000001a3c5800 Uncommon trap: reason=bimorphic action=maybe_recompile pc=0x0000000003268ac4 method=java.util.regex.Pattern$5.isSatisfiedBy(I)Z @ 16
Event: 5.834 Thread 0x000000001a3c5800 Uncommon trap: reason=bimorphic action=maybe_recompile pc=0x0000000003268ac4 method=java.util.regex.Pattern$5.isSatisfiedBy(I)Z @ 16
Event: 5.834 Thread 0x000000001a3c5800 Uncommon trap: reason=bimorphic action=maybe_recompile pc=0x0000000003268ac4 method=java.util.regex.Pattern$5.isSatisfiedBy(I)Z @ 16
Event: 5.834 Thread 0x000000001a3c5800 Uncommon trap: reason=bimorphic action=maybe_recompile pc=0x0000000003268ac4 method=java.util.regex.Pattern$5.isSatisfiedBy(I)Z @ 16

Classes redefined (0 events):
No events

Internal exceptions (10 events):
Event: 5.818 Thread 0x000000001a3c5800 Exception <a 'java/lang/ClassNotFoundException': org/gradle/api/internal/file/CompositeFileTreeCustomizer> (0x00000000e732dc48) thrown at [D:\src\AOSP-openjdk-cygwin\jdk8u\hotspot\src\share\vm\classfile\systemDictionary.cpp, line 210]
Event: 5.820 Thread 0x000000001a3c5800 Exception <a 'java/lang/ClassNotFoundException': org/gradle/api/internal/file/collections/DefaultConfigurableFileTreeCustomizer> (0x00000000e7379740) thrown at [D:\src\AOSP-openjdk-cygwin\jdk8u\hotspot\src\share\vm\classfile\systemDictionary.cpp, line 210
Event: 5.981 Thread 0x000000001a3c5800 Exception <a 'sun/nio/fs/WindowsException'> (0x00000000e79c22e0) thrown at [D:\src\AOSP-openjdk-cygwin\jdk8u\hotspot\src\share\vm\prims\jni.cpp, line 709]
Event: 5.981 Thread 0x000000001a3c5800 Exception <a 'sun/nio/fs/WindowsException'> (0x00000000e79c2d28) thrown at [D:\src\AOSP-openjdk-cygwin\jdk8u\hotspot\src\share\vm\prims\jni.cpp, line 709]
Event: 5.982 Thread 0x000000001a3c5800 Exception <a 'sun/nio/fs/WindowsException'> (0x00000000e79c4880) thrown at [D:\src\AOSP-openjdk-cygwin\jdk8u\hotspot\src\share\vm\prims\jni.cpp, line 709]
Event: 5.982 Thread 0x000000001a3c5800 Exception <a 'sun/nio/fs/WindowsException'> (0x00000000e79c5300) thrown at [D:\src\AOSP-openjdk-cygwin\jdk8u\hotspot\src\share\vm\prims\jni.cpp, line 709]
Event: 6.011 Thread 0x000000001a3c5800 Exception <a 'sun/nio/fs/WindowsException'> (0x00000000e79d56f8) thrown at [D:\src\AOSP-openjdk-cygwin\jdk8u\hotspot\src\share\vm\prims\jni.cpp, line 709]
Event: 6.011 Thread 0x000000001a3c5800 Exception <a 'sun/nio/fs/WindowsException'> (0x00000000e79d61b8) thrown at [D:\src\AOSP-openjdk-cygwin\jdk8u\hotspot\src\share\vm\prims\jni.cpp, line 709]
Event: 6.011 Thread 0x000000001a3c5800 Exception <a 'sun/nio/fs/WindowsException'> (0x00000000e79d7cb8) thrown at [D:\src\AOSP-openjdk-cygwin\jdk8u\hotspot\src\share\vm\prims\jni.cpp, line 709]
Event: 6.011 Thread 0x000000001a3c5800 Exception <a 'sun/nio/fs/WindowsException'> (0x00000000e79d87b0) thrown at [D:\src\AOSP-openjdk-cygwin\jdk8u\hotspot\src\share\vm\prims\jni.cpp, line 709]

Events (10 events):
Event: 5.999 loading class java/util/stream/Node$OfDouble done
Event: 5.999 loading class java/util/stream/Nodes$EmptyNode$OfDouble done
Event: 5.999 loading class java/util/stream/Nodes$SpinedNodeBuilder
Event: 5.999 loading class java/util/stream/Node$Builder
Event: 5.999 loading class java/util/stream/Node$Builder done
Event: 5.999 loading class java/util/stream/SpinedBuffer
Event: 6.009 loading class java/util/stream/AbstractSpinedBuffer
Event: 6.010 loading class java/util/stream/AbstractSpinedBuffer done
Event: 6.010 loading class java/util/stream/SpinedBuffer done
Event: 6.010 loading class java/util/stream/Nodes$SpinedNodeBuilder done


Dynamic libraries:
0x00007ff67c650000 - 0x00007ff67c681000 	D:\Programas\Android\Android Studio\jre\bin\java.exe
0x00007fffcc8e0000 - 0x00007fffccac1000 	C:\WINDOWS\SYSTEM32\ntdll.dll
0x00007fffaaa60000 - 0x00007fffaaa74000 	D:\Programas\Avast\aswhook.dll
0x00007fffcc680000 - 0x00007fffcc732000 	C:\WINDOWS\System32\KERNEL32.DLL
0x00007fffc9800000 - 0x00007fffc9a73000 	C:\WINDOWS\System32\KERNELBASE.dll
0x00007fffca140000 - 0x00007fffca1e1000 	C:\WINDOWS\System32\ADVAPI32.dll
0x00007fffcacf0000 - 0x00007fffcad8e000 	C:\WINDOWS\System32\msvcrt.dll
0x00007fffca0e0000 - 0x00007fffca13b000 	C:\WINDOWS\System32\sechost.dll
0x00007fffca760000 - 0x00007fffca884000 	C:\WINDOWS\System32\RPCRT4.dll
0x00007fffc9f50000 - 0x00007fffca0e0000 	C:\WINDOWS\System32\USER32.dll
0x00007fffc9c50000 - 0x00007fffc9c70000 	C:\WINDOWS\System32\win32u.dll
0x00007fffca2f0000 - 0x00007fffca318000 	C:\WINDOWS\System32\GDI32.dll
0x00007fffc8d00000 - 0x00007fffc8e92000 	C:\WINDOWS\System32\gdi32full.dll
0x00007fffc9b30000 - 0x00007fffc9bcf000 	C:\WINDOWS\System32\msvcp_win.dll
0x00007fffc9c70000 - 0x00007fffc9d6a000 	C:\WINDOWS\System32\ucrtbase.dll
0x00007fffbd110000 - 0x00007fffbd379000 	C:\WINDOWS\WinSxS\amd64_microsoft.windows.common-controls_6595b64144ccf1df_6.0.17134.523_none_fb409dd930672a56\COMCTL32.dll
0x00007fffcad90000 - 0x00007fffcb0b2000 	C:\WINDOWS\System32\combase.dll
0x00007fffc9bd0000 - 0x00007fffc9c4a000 	C:\WINDOWS\System32\bcryptPrimitives.dll
0x00007fffcb0c0000 - 0x00007fffcb0ed000 	C:\WINDOWS\System32\IMM32.DLL
0x000000005d9a0000 - 0x000000005da72000 	D:\Programas\Android\Android Studio\jre\jre\bin\msvcr100.dll
0x000000005e740000 - 0x000000005ef81000 	D:\Programas\Android\Android Studio\jre\jre\bin\server\jvm.dll
0x00007fffca4c0000 - 0x00007fffca4c8000 	C:\WINDOWS\System32\PSAPI.DLL
0x00007fffba4e0000 - 0x00007fffba4e9000 	C:\WINDOWS\SYSTEM32\WSOCK32.dll
0x00007fffcc840000 - 0x00007fffcc8ac000 	C:\WINDOWS\System32\WS2_32.dll
0x00007fffc5a70000 - 0x00007fffc5a93000 	C:\WINDOWS\SYSTEM32\WINMM.dll
0x00007fffc4c80000 - 0x00007fffc4c8a000 	C:\WINDOWS\SYSTEM32\VERSION.dll
0x00007fffc5a40000 - 0x00007fffc5a6a000 	C:\WINDOWS\SYSTEM32\WINMMBASE.dll
0x00007fffc8cb0000 - 0x00007fffc8cf9000 	C:\WINDOWS\System32\cfgmgr32.dll
0x00007fffbca20000 - 0x00007fffbca2f000 	D:\Programas\Android\Android Studio\jre\jre\bin\verify.dll
0x00007fffab600000 - 0x00007fffab629000 	D:\Programas\Android\Android Studio\jre\jre\bin\java.dll
0x00007fffb9ef0000 - 0x00007fffb9f06000 	D:\Programas\Android\Android Studio\jre\jre\bin\zip.dll
0x00007fffcb1e0000 - 0x00007fffcc620000 	C:\WINDOWS\System32\SHELL32.dll
0x00007fffca650000 - 0x00007fffca6f9000 	C:\WINDOWS\System32\shcore.dll
0x00007fffc90f0000 - 0x00007fffc97fd000 	C:\WINDOWS\System32\windows.storage.dll
0x00007fffcc7e0000 - 0x00007fffcc831000 	C:\WINDOWS\System32\shlwapi.dll
0x00007fffc8c70000 - 0x00007fffc8c81000 	C:\WINDOWS\System32\kernel.appcore.dll
0x00007fffc8c90000 - 0x00007fffc8caf000 	C:\WINDOWS\System32\profapi.dll
0x00007fffc8c20000 - 0x00007fffc8c6c000 	C:\WINDOWS\System32\powrprof.dll
0x00007fffc8c10000 - 0x00007fffc8c1a000 	C:\WINDOWS\System32\FLTLIB.DLL
0x00007fffab5e0000 - 0x00007fffab5fa000 	D:\Programas\Android\Android Studio\jre\jre\bin\net.dll
0x00007fffc8470000 - 0x00007fffc84d6000 	C:\WINDOWS\system32\mswsock.dll
0x00007fffab5c0000 - 0x00007fffab5d1000 	D:\Programas\Android\Android Studio\jre\jre\bin\nio.dll
0x00007fffa8f80000 - 0x00007fffa8f9e000 	C:\Users\Serban\.gradle\native\25\windows-amd64\native-platform.dll
0x00007fffab5b0000 - 0x00007fffab5bd000 	D:\Programas\Android\Android Studio\jre\jre\bin\management.dll
0x00007fffc8620000 - 0x00007fffc8637000 	C:\WINDOWS\SYSTEM32\CRYPTSP.dll
0x00007fffc8050000 - 0x00007fffc8083000 	C:\WINDOWS\system32\rsaenh.dll
0x00007fffc8750000 - 0x00007fffc8775000 	C:\WINDOWS\SYSTEM32\bcrypt.dll
0x00007fffc8af0000 - 0x00007fffc8b18000 	C:\WINDOWS\SYSTEM32\USERENV.dll
0x00007fffc8640000 - 0x00007fffc864b000 	C:\WINDOWS\SYSTEM32\CRYPTBASE.dll
0x00007fffc81f0000 - 0x00007fffc8228000 	C:\WINDOWS\SYSTEM32\IPHLPAPI.DLL
0x00007fffca890000 - 0x00007fffca898000 	C:\WINDOWS\System32\NSI.dll
0x00007fffc4de0000 - 0x00007fffc4df6000 	C:\WINDOWS\SYSTEM32\dhcpcsvc6.DLL
0x00007fffc4dc0000 - 0x00007fffc4dda000 	C:\WINDOWS\SYSTEM32\dhcpcsvc.DLL

VM Arguments:
jvm_args: -Xmx1536m -Dfile.encoding=windows-1252 -Duser.country=MX -Duser.language=es -Duser.variant 
java_command: org.gradle.launcher.daemon.bootstrap.GradleDaemon 4.6
java_class_path (initial): C:\Users\Serban\.gradle\wrapper\dists\gradle-4.6-all\bcst21l2brirad8k2ben1letg\gradle-4.6\lib\gradle-launcher-4.6.jar
Launcher Type: SUN_STANDARD

Environment Variables:
JAVA_HOME=C:\Program Files\Java\jdk1.8.0_171
CLASSPATH=.
USERNAME=Serban
OS=Windows_NT
PROCESSOR_IDENTIFIER=Intel64 Family 6 Model 158 Stepping 9, GenuineIntel



---------------  S Y S T E M  ---------------

OS: Windows 10.0 , 64 bit Build 17134 (10.0.17134.1)

CPU:total 8 (initial active 8) (4 cores per cpu, 2 threads per core) family 6 model 158 stepping 9, cmov, cx8, fxsr, mmx, sse, sse2, sse3, ssse3, sse4.1, sse4.2, popcnt, avx, avx2, aes, clmul, erms, 3dnowpref, lzcnt, ht, tsc, tscinvbit, bmi1, bmi2, adx

Memory: 4k page, physical 16658020k(2404596k free), swap 16658020k(4288k free)

vm_info: OpenJDK 64-Bit Server VM (25.152-b06) for windows-amd64 JRE (1.8.0_152-release-1136-b06), built by "builder" with MS VC++ 10.0 (VS2010)

time: Thu Oct 24 18:31:33 2019
elapsed time: 6 seconds (0d 0h 0m 6s)

